[2022-07-15 00:00:17,921] {processor.py:153} INFO - Started process (PID=105) to work on /opt/airflow/dags/user_processing.py
[2022-07-15 00:00:17,922] {processor.py:641} INFO - Processing file /opt/airflow/dags/user_processing.py for tasks to queue
[2022-07-15 00:00:17,924] {logging_mixin.py:115} INFO - [2022-07-15 00:00:17,924] {dagbag.py:507} INFO - Filling up the DagBag from /opt/airflow/dags/user_processing.py
[2022-07-15 00:00:18,159] {processor.py:651} INFO - DAG(s) dict_keys(['user_processing']) retrieved from /opt/airflow/dags/user_processing.py
[2022-07-15 00:00:18,184] {logging_mixin.py:115} INFO - [2022-07-15 00:00:18,184] {dag.py:2371} INFO - Sync 1 DAGs
[2022-07-15 00:00:18,196] {logging_mixin.py:115} INFO - [2022-07-15 00:00:18,196] {dag.py:2919} INFO - Setting next_dagrun for user_processing to 2022-07-14T00:00:00+00:00, run_after=2022-07-15T00:00:00+00:00
[2022-07-15 00:00:18,204] {processor.py:161} INFO - Processing /opt/airflow/dags/user_processing.py took 0.285 seconds
[2022-07-15 00:00:48,261] {processor.py:153} INFO - Started process (PID=172) to work on /opt/airflow/dags/user_processing.py
[2022-07-15 00:00:48,276] {processor.py:641} INFO - Processing file /opt/airflow/dags/user_processing.py for tasks to queue
[2022-07-15 00:00:48,284] {logging_mixin.py:115} INFO - [2022-07-15 00:00:48,284] {dagbag.py:507} INFO - Filling up the DagBag from /opt/airflow/dags/user_processing.py
[2022-07-15 00:00:48,717] {processor.py:651} INFO - DAG(s) dict_keys(['user_processing']) retrieved from /opt/airflow/dags/user_processing.py
[2022-07-15 00:00:48,757] {logging_mixin.py:115} INFO - [2022-07-15 00:00:48,756] {dag.py:2371} INFO - Sync 1 DAGs
[2022-07-15 00:00:48,789] {logging_mixin.py:115} INFO - [2022-07-15 00:00:48,789] {dag.py:2919} INFO - Setting next_dagrun for user_processing to 2022-07-14T00:00:00+00:00, run_after=2022-07-15T00:00:00+00:00
[2022-07-15 00:00:48,805] {processor.py:161} INFO - Processing /opt/airflow/dags/user_processing.py took 0.547 seconds
[2022-07-15 00:01:19,109] {processor.py:153} INFO - Started process (PID=239) to work on /opt/airflow/dags/user_processing.py
[2022-07-15 00:01:19,111] {processor.py:641} INFO - Processing file /opt/airflow/dags/user_processing.py for tasks to queue
[2022-07-15 00:01:19,113] {logging_mixin.py:115} INFO - [2022-07-15 00:01:19,113] {dagbag.py:507} INFO - Filling up the DagBag from /opt/airflow/dags/user_processing.py
[2022-07-15 00:01:19,412] {processor.py:651} INFO - DAG(s) dict_keys(['user_processing']) retrieved from /opt/airflow/dags/user_processing.py
[2022-07-15 00:01:19,455] {logging_mixin.py:115} INFO - [2022-07-15 00:01:19,454] {dag.py:2371} INFO - Sync 1 DAGs
[2022-07-15 00:01:19,477] {logging_mixin.py:115} INFO - [2022-07-15 00:01:19,477] {dag.py:2919} INFO - Setting next_dagrun for user_processing to 2022-07-14T00:00:00+00:00, run_after=2022-07-15T00:00:00+00:00
[2022-07-15 00:01:19,486] {processor.py:161} INFO - Processing /opt/airflow/dags/user_processing.py took 0.380 seconds
[2022-07-15 00:01:49,544] {processor.py:153} INFO - Started process (PID=298) to work on /opt/airflow/dags/user_processing.py
[2022-07-15 00:01:49,546] {processor.py:641} INFO - Processing file /opt/airflow/dags/user_processing.py for tasks to queue
[2022-07-15 00:01:49,548] {logging_mixin.py:115} INFO - [2022-07-15 00:01:49,547] {dagbag.py:507} INFO - Filling up the DagBag from /opt/airflow/dags/user_processing.py
[2022-07-15 00:01:49,783] {processor.py:651} INFO - DAG(s) dict_keys(['user_processing']) retrieved from /opt/airflow/dags/user_processing.py
[2022-07-15 00:01:49,811] {logging_mixin.py:115} INFO - [2022-07-15 00:01:49,810] {dag.py:2371} INFO - Sync 1 DAGs
[2022-07-15 00:01:49,824] {logging_mixin.py:115} INFO - [2022-07-15 00:01:49,824] {dag.py:2919} INFO - Setting next_dagrun for user_processing to 2022-07-14T00:00:00+00:00, run_after=2022-07-15T00:00:00+00:00
[2022-07-15 00:01:49,833] {processor.py:161} INFO - Processing /opt/airflow/dags/user_processing.py took 0.291 seconds
[2022-07-15 00:02:20,108] {processor.py:153} INFO - Started process (PID=366) to work on /opt/airflow/dags/user_processing.py
[2022-07-15 00:02:20,111] {processor.py:641} INFO - Processing file /opt/airflow/dags/user_processing.py for tasks to queue
[2022-07-15 00:02:20,112] {logging_mixin.py:115} INFO - [2022-07-15 00:02:20,112] {dagbag.py:507} INFO - Filling up the DagBag from /opt/airflow/dags/user_processing.py
[2022-07-15 00:02:20,388] {processor.py:651} INFO - DAG(s) dict_keys(['user_processing']) retrieved from /opt/airflow/dags/user_processing.py
[2022-07-15 00:02:20,433] {logging_mixin.py:115} INFO - [2022-07-15 00:02:20,432] {dag.py:2371} INFO - Sync 1 DAGs
[2022-07-15 00:02:20,452] {logging_mixin.py:115} INFO - [2022-07-15 00:02:20,452] {dag.py:2919} INFO - Setting next_dagrun for user_processing to 2022-07-14T00:00:00+00:00, run_after=2022-07-15T00:00:00+00:00
[2022-07-15 00:02:20,462] {processor.py:161} INFO - Processing /opt/airflow/dags/user_processing.py took 0.356 seconds
[2022-07-15 00:02:50,907] {processor.py:153} INFO - Started process (PID=434) to work on /opt/airflow/dags/user_processing.py
[2022-07-15 00:02:50,908] {processor.py:641} INFO - Processing file /opt/airflow/dags/user_processing.py for tasks to queue
[2022-07-15 00:02:50,909] {logging_mixin.py:115} INFO - [2022-07-15 00:02:50,909] {dagbag.py:507} INFO - Filling up the DagBag from /opt/airflow/dags/user_processing.py
[2022-07-15 00:02:51,166] {processor.py:651} INFO - DAG(s) dict_keys(['user_processing']) retrieved from /opt/airflow/dags/user_processing.py
[2022-07-15 00:02:51,196] {logging_mixin.py:115} INFO - [2022-07-15 00:02:51,196] {dag.py:2371} INFO - Sync 1 DAGs
[2022-07-15 00:02:51,210] {logging_mixin.py:115} INFO - [2022-07-15 00:02:51,210] {dag.py:2919} INFO - Setting next_dagrun for user_processing to 2022-07-14T00:00:00+00:00, run_after=2022-07-15T00:00:00+00:00
[2022-07-15 00:02:51,220] {processor.py:161} INFO - Processing /opt/airflow/dags/user_processing.py took 0.316 seconds
[2022-07-15 00:03:21,280] {processor.py:153} INFO - Started process (PID=496) to work on /opt/airflow/dags/user_processing.py
[2022-07-15 00:03:21,282] {processor.py:641} INFO - Processing file /opt/airflow/dags/user_processing.py for tasks to queue
[2022-07-15 00:03:21,283] {logging_mixin.py:115} INFO - [2022-07-15 00:03:21,283] {dagbag.py:507} INFO - Filling up the DagBag from /opt/airflow/dags/user_processing.py
[2022-07-15 00:03:21,700] {processor.py:651} INFO - DAG(s) dict_keys(['user_processing']) retrieved from /opt/airflow/dags/user_processing.py
[2022-07-15 00:03:21,729] {logging_mixin.py:115} INFO - [2022-07-15 00:03:21,729] {dag.py:2371} INFO - Sync 1 DAGs
[2022-07-15 00:03:21,743] {logging_mixin.py:115} INFO - [2022-07-15 00:03:21,743] {dag.py:2919} INFO - Setting next_dagrun for user_processing to 2022-07-14T00:00:00+00:00, run_after=2022-07-15T00:00:00+00:00
[2022-07-15 00:03:21,751] {processor.py:161} INFO - Processing /opt/airflow/dags/user_processing.py took 0.476 seconds
[2022-07-15 00:03:52,124] {processor.py:153} INFO - Started process (PID=563) to work on /opt/airflow/dags/user_processing.py
[2022-07-15 00:03:52,126] {processor.py:641} INFO - Processing file /opt/airflow/dags/user_processing.py for tasks to queue
[2022-07-15 00:03:52,128] {logging_mixin.py:115} INFO - [2022-07-15 00:03:52,128] {dagbag.py:507} INFO - Filling up the DagBag from /opt/airflow/dags/user_processing.py
[2022-07-15 00:03:52,587] {processor.py:651} INFO - DAG(s) dict_keys(['user_processing']) retrieved from /opt/airflow/dags/user_processing.py
[2022-07-15 00:03:52,620] {logging_mixin.py:115} INFO - [2022-07-15 00:03:52,620] {dag.py:2371} INFO - Sync 1 DAGs
[2022-07-15 00:03:52,642] {logging_mixin.py:115} INFO - [2022-07-15 00:03:52,642] {dag.py:2919} INFO - Setting next_dagrun for user_processing to 2022-07-14T00:00:00+00:00, run_after=2022-07-15T00:00:00+00:00
[2022-07-15 00:03:52,653] {processor.py:161} INFO - Processing /opt/airflow/dags/user_processing.py took 0.534 seconds
[2022-07-15 00:04:22,772] {processor.py:153} INFO - Started process (PID=621) to work on /opt/airflow/dags/user_processing.py
[2022-07-15 00:04:22,775] {processor.py:641} INFO - Processing file /opt/airflow/dags/user_processing.py for tasks to queue
[2022-07-15 00:04:22,777] {logging_mixin.py:115} INFO - [2022-07-15 00:04:22,777] {dagbag.py:507} INFO - Filling up the DagBag from /opt/airflow/dags/user_processing.py
[2022-07-15 00:04:23,116] {processor.py:651} INFO - DAG(s) dict_keys(['user_processing']) retrieved from /opt/airflow/dags/user_processing.py
[2022-07-15 00:04:23,147] {logging_mixin.py:115} INFO - [2022-07-15 00:04:23,146] {dag.py:2371} INFO - Sync 1 DAGs
[2022-07-15 00:04:23,163] {logging_mixin.py:115} INFO - [2022-07-15 00:04:23,163] {dag.py:2919} INFO - Setting next_dagrun for user_processing to 2022-07-14T00:00:00+00:00, run_after=2022-07-15T00:00:00+00:00
[2022-07-15 00:04:23,179] {processor.py:161} INFO - Processing /opt/airflow/dags/user_processing.py took 0.409 seconds
[2022-07-15 00:04:54,022] {processor.py:153} INFO - Started process (PID=686) to work on /opt/airflow/dags/user_processing.py
[2022-07-15 00:04:54,024] {processor.py:641} INFO - Processing file /opt/airflow/dags/user_processing.py for tasks to queue
[2022-07-15 00:04:54,026] {logging_mixin.py:115} INFO - [2022-07-15 00:04:54,026] {dagbag.py:507} INFO - Filling up the DagBag from /opt/airflow/dags/user_processing.py
[2022-07-15 00:04:54,424] {processor.py:651} INFO - DAG(s) dict_keys(['user_processing']) retrieved from /opt/airflow/dags/user_processing.py
[2022-07-15 00:04:54,461] {logging_mixin.py:115} INFO - [2022-07-15 00:04:54,461] {dag.py:2371} INFO - Sync 1 DAGs
[2022-07-15 00:04:54,477] {logging_mixin.py:115} INFO - [2022-07-15 00:04:54,477] {dag.py:2919} INFO - Setting next_dagrun for user_processing to 2022-07-14T00:00:00+00:00, run_after=2022-07-15T00:00:00+00:00
[2022-07-15 00:04:54,486] {processor.py:161} INFO - Processing /opt/airflow/dags/user_processing.py took 0.468 seconds
[2022-07-15 00:05:24,765] {processor.py:153} INFO - Started process (PID=753) to work on /opt/airflow/dags/user_processing.py
[2022-07-15 00:05:24,768] {processor.py:641} INFO - Processing file /opt/airflow/dags/user_processing.py for tasks to queue
[2022-07-15 00:05:24,770] {logging_mixin.py:115} INFO - [2022-07-15 00:05:24,769] {dagbag.py:507} INFO - Filling up the DagBag from /opt/airflow/dags/user_processing.py
[2022-07-15 00:05:25,158] {processor.py:651} INFO - DAG(s) dict_keys(['user_processing']) retrieved from /opt/airflow/dags/user_processing.py
[2022-07-15 00:05:25,198] {logging_mixin.py:115} INFO - [2022-07-15 00:05:25,198] {dag.py:2371} INFO - Sync 1 DAGs
[2022-07-15 00:05:25,214] {logging_mixin.py:115} INFO - [2022-07-15 00:05:25,214] {dag.py:2919} INFO - Setting next_dagrun for user_processing to 2022-07-14T00:00:00+00:00, run_after=2022-07-15T00:00:00+00:00
[2022-07-15 00:05:25,224] {processor.py:161} INFO - Processing /opt/airflow/dags/user_processing.py took 0.461 seconds
[2022-07-15 00:05:55,335] {processor.py:153} INFO - Started process (PID=824) to work on /opt/airflow/dags/user_processing.py
[2022-07-15 00:05:55,337] {processor.py:641} INFO - Processing file /opt/airflow/dags/user_processing.py for tasks to queue
[2022-07-15 00:05:55,339] {logging_mixin.py:115} INFO - [2022-07-15 00:05:55,338] {dagbag.py:507} INFO - Filling up the DagBag from /opt/airflow/dags/user_processing.py
[2022-07-15 00:05:55,713] {processor.py:651} INFO - DAG(s) dict_keys(['user_processing']) retrieved from /opt/airflow/dags/user_processing.py
[2022-07-15 00:05:55,738] {logging_mixin.py:115} INFO - [2022-07-15 00:05:55,738] {dag.py:2371} INFO - Sync 1 DAGs
[2022-07-15 00:05:55,754] {logging_mixin.py:115} INFO - [2022-07-15 00:05:55,754] {dag.py:2919} INFO - Setting next_dagrun for user_processing to 2022-07-14T00:00:00+00:00, run_after=2022-07-15T00:00:00+00:00
[2022-07-15 00:05:55,768] {processor.py:161} INFO - Processing /opt/airflow/dags/user_processing.py took 0.435 seconds
[2022-07-15 00:06:26,017] {processor.py:153} INFO - Started process (PID=891) to work on /opt/airflow/dags/user_processing.py
[2022-07-15 00:06:26,018] {processor.py:641} INFO - Processing file /opt/airflow/dags/user_processing.py for tasks to queue
[2022-07-15 00:06:26,021] {logging_mixin.py:115} INFO - [2022-07-15 00:06:26,021] {dagbag.py:507} INFO - Filling up the DagBag from /opt/airflow/dags/user_processing.py
[2022-07-15 00:06:26,309] {processor.py:651} INFO - DAG(s) dict_keys(['user_processing']) retrieved from /opt/airflow/dags/user_processing.py
[2022-07-15 00:06:26,344] {logging_mixin.py:115} INFO - [2022-07-15 00:06:26,342] {dag.py:2371} INFO - Sync 1 DAGs
[2022-07-15 00:06:26,366] {logging_mixin.py:115} INFO - [2022-07-15 00:06:26,365] {dag.py:2919} INFO - Setting next_dagrun for user_processing to 2022-07-14T00:00:00+00:00, run_after=2022-07-15T00:00:00+00:00
[2022-07-15 00:06:26,382] {processor.py:161} INFO - Processing /opt/airflow/dags/user_processing.py took 0.368 seconds
[2022-07-15 00:06:56,738] {processor.py:153} INFO - Started process (PID=950) to work on /opt/airflow/dags/user_processing.py
[2022-07-15 00:06:56,740] {processor.py:641} INFO - Processing file /opt/airflow/dags/user_processing.py for tasks to queue
[2022-07-15 00:06:56,742] {logging_mixin.py:115} INFO - [2022-07-15 00:06:56,741] {dagbag.py:507} INFO - Filling up the DagBag from /opt/airflow/dags/user_processing.py
[2022-07-15 00:06:57,052] {processor.py:651} INFO - DAG(s) dict_keys(['user_processing']) retrieved from /opt/airflow/dags/user_processing.py
[2022-07-15 00:06:57,079] {logging_mixin.py:115} INFO - [2022-07-15 00:06:57,078] {dag.py:2371} INFO - Sync 1 DAGs
[2022-07-15 00:06:57,091] {logging_mixin.py:115} INFO - [2022-07-15 00:06:57,091] {dag.py:2919} INFO - Setting next_dagrun for user_processing to 2022-07-14T00:00:00+00:00, run_after=2022-07-15T00:00:00+00:00
[2022-07-15 00:06:57,099] {processor.py:161} INFO - Processing /opt/airflow/dags/user_processing.py took 0.363 seconds
[2022-07-15 00:07:27,273] {processor.py:153} INFO - Started process (PID=1017) to work on /opt/airflow/dags/user_processing.py
[2022-07-15 00:07:27,276] {processor.py:641} INFO - Processing file /opt/airflow/dags/user_processing.py for tasks to queue
[2022-07-15 00:07:27,278] {logging_mixin.py:115} INFO - [2022-07-15 00:07:27,278] {dagbag.py:507} INFO - Filling up the DagBag from /opt/airflow/dags/user_processing.py
[2022-07-15 00:07:27,620] {processor.py:651} INFO - DAG(s) dict_keys(['user_processing']) retrieved from /opt/airflow/dags/user_processing.py
[2022-07-15 00:07:27,678] {logging_mixin.py:115} INFO - [2022-07-15 00:07:27,677] {dag.py:2371} INFO - Sync 1 DAGs
[2022-07-15 00:07:27,692] {logging_mixin.py:115} INFO - [2022-07-15 00:07:27,692] {dag.py:2919} INFO - Setting next_dagrun for user_processing to 2022-07-14T00:00:00+00:00, run_after=2022-07-15T00:00:00+00:00
[2022-07-15 00:07:27,706] {processor.py:161} INFO - Processing /opt/airflow/dags/user_processing.py took 0.436 seconds
[2022-07-15 00:07:57,923] {processor.py:153} INFO - Started process (PID=1086) to work on /opt/airflow/dags/user_processing.py
[2022-07-15 00:07:57,925] {processor.py:641} INFO - Processing file /opt/airflow/dags/user_processing.py for tasks to queue
[2022-07-15 00:07:57,926] {logging_mixin.py:115} INFO - [2022-07-15 00:07:57,926] {dagbag.py:507} INFO - Filling up the DagBag from /opt/airflow/dags/user_processing.py
[2022-07-15 00:07:58,256] {processor.py:651} INFO - DAG(s) dict_keys(['user_processing']) retrieved from /opt/airflow/dags/user_processing.py
[2022-07-15 00:07:58,284] {logging_mixin.py:115} INFO - [2022-07-15 00:07:58,284] {dag.py:2371} INFO - Sync 1 DAGs
[2022-07-15 00:07:58,297] {logging_mixin.py:115} INFO - [2022-07-15 00:07:58,297] {dag.py:2919} INFO - Setting next_dagrun for user_processing to 2022-07-14T00:00:00+00:00, run_after=2022-07-15T00:00:00+00:00
[2022-07-15 00:07:58,305] {processor.py:161} INFO - Processing /opt/airflow/dags/user_processing.py took 0.385 seconds
[2022-07-15 00:08:28,823] {processor.py:153} INFO - Started process (PID=1168) to work on /opt/airflow/dags/user_processing.py
[2022-07-15 00:08:28,826] {processor.py:641} INFO - Processing file /opt/airflow/dags/user_processing.py for tasks to queue
[2022-07-15 00:08:28,827] {logging_mixin.py:115} INFO - [2022-07-15 00:08:28,827] {dagbag.py:507} INFO - Filling up the DagBag from /opt/airflow/dags/user_processing.py
[2022-07-15 00:08:29,142] {processor.py:651} INFO - DAG(s) dict_keys(['user_processing']) retrieved from /opt/airflow/dags/user_processing.py
[2022-07-15 00:08:29,170] {logging_mixin.py:115} INFO - [2022-07-15 00:08:29,170] {dag.py:2371} INFO - Sync 1 DAGs
[2022-07-15 00:08:29,185] {logging_mixin.py:115} INFO - [2022-07-15 00:08:29,185] {dag.py:2919} INFO - Setting next_dagrun for user_processing to 2022-07-15T00:00:00+00:00, run_after=2022-07-16T00:00:00+00:00
[2022-07-15 00:08:29,193] {processor.py:161} INFO - Processing /opt/airflow/dags/user_processing.py took 0.373 seconds
[2022-07-15 00:08:59,608] {processor.py:153} INFO - Started process (PID=1236) to work on /opt/airflow/dags/user_processing.py
[2022-07-15 00:08:59,611] {processor.py:641} INFO - Processing file /opt/airflow/dags/user_processing.py for tasks to queue
[2022-07-15 00:08:59,613] {logging_mixin.py:115} INFO - [2022-07-15 00:08:59,613] {dagbag.py:507} INFO - Filling up the DagBag from /opt/airflow/dags/user_processing.py
[2022-07-15 00:08:59,959] {processor.py:651} INFO - DAG(s) dict_keys(['user_processing']) retrieved from /opt/airflow/dags/user_processing.py
[2022-07-15 00:08:59,985] {logging_mixin.py:115} INFO - [2022-07-15 00:08:59,985] {dag.py:2371} INFO - Sync 1 DAGs
[2022-07-15 00:08:59,999] {logging_mixin.py:115} INFO - [2022-07-15 00:08:59,999] {dag.py:2919} INFO - Setting next_dagrun for user_processing to 2022-07-15T00:00:00+00:00, run_after=2022-07-16T00:00:00+00:00
[2022-07-15 00:09:00,009] {processor.py:161} INFO - Processing /opt/airflow/dags/user_processing.py took 0.403 seconds
[2022-07-15 00:09:30,493] {processor.py:153} INFO - Started process (PID=1293) to work on /opt/airflow/dags/user_processing.py
[2022-07-15 00:09:30,495] {processor.py:641} INFO - Processing file /opt/airflow/dags/user_processing.py for tasks to queue
[2022-07-15 00:09:30,497] {logging_mixin.py:115} INFO - [2022-07-15 00:09:30,497] {dagbag.py:507} INFO - Filling up the DagBag from /opt/airflow/dags/user_processing.py
[2022-07-15 00:09:31,098] {processor.py:651} INFO - DAG(s) dict_keys(['user_processing']) retrieved from /opt/airflow/dags/user_processing.py
[2022-07-15 00:09:31,139] {logging_mixin.py:115} INFO - [2022-07-15 00:09:31,138] {dag.py:2371} INFO - Sync 1 DAGs
[2022-07-15 00:09:31,163] {logging_mixin.py:115} INFO - [2022-07-15 00:09:31,162] {dag.py:2919} INFO - Setting next_dagrun for user_processing to 2022-07-15T00:00:00+00:00, run_after=2022-07-16T00:00:00+00:00
[2022-07-15 00:09:31,174] {processor.py:161} INFO - Processing /opt/airflow/dags/user_processing.py took 0.684 seconds
[2022-07-15 00:10:01,658] {processor.py:153} INFO - Started process (PID=1363) to work on /opt/airflow/dags/user_processing.py
[2022-07-15 00:10:01,662] {processor.py:641} INFO - Processing file /opt/airflow/dags/user_processing.py for tasks to queue
[2022-07-15 00:10:01,664] {logging_mixin.py:115} INFO - [2022-07-15 00:10:01,664] {dagbag.py:507} INFO - Filling up the DagBag from /opt/airflow/dags/user_processing.py
[2022-07-15 00:10:01,945] {processor.py:651} INFO - DAG(s) dict_keys(['user_processing']) retrieved from /opt/airflow/dags/user_processing.py
[2022-07-15 00:10:01,972] {logging_mixin.py:115} INFO - [2022-07-15 00:10:01,972] {dag.py:2371} INFO - Sync 1 DAGs
[2022-07-15 00:10:01,985] {logging_mixin.py:115} INFO - [2022-07-15 00:10:01,985] {dag.py:2919} INFO - Setting next_dagrun for user_processing to 2022-07-15T00:00:00+00:00, run_after=2022-07-16T00:00:00+00:00
[2022-07-15 00:10:01,992] {processor.py:161} INFO - Processing /opt/airflow/dags/user_processing.py took 0.341 seconds
[2022-07-15 00:10:32,677] {processor.py:153} INFO - Started process (PID=1429) to work on /opt/airflow/dags/user_processing.py
[2022-07-15 00:10:32,680] {processor.py:641} INFO - Processing file /opt/airflow/dags/user_processing.py for tasks to queue
[2022-07-15 00:10:32,682] {logging_mixin.py:115} INFO - [2022-07-15 00:10:32,682] {dagbag.py:507} INFO - Filling up the DagBag from /opt/airflow/dags/user_processing.py
[2022-07-15 00:10:32,977] {processor.py:651} INFO - DAG(s) dict_keys(['user_processing']) retrieved from /opt/airflow/dags/user_processing.py
[2022-07-15 00:10:33,008] {logging_mixin.py:115} INFO - [2022-07-15 00:10:33,007] {dag.py:2371} INFO - Sync 1 DAGs
[2022-07-15 00:10:33,020] {logging_mixin.py:115} INFO - [2022-07-15 00:10:33,020] {dag.py:2919} INFO - Setting next_dagrun for user_processing to 2022-07-15T00:00:00+00:00, run_after=2022-07-16T00:00:00+00:00
[2022-07-15 00:10:33,027] {processor.py:161} INFO - Processing /opt/airflow/dags/user_processing.py took 0.354 seconds
[2022-07-15 00:11:03,209] {processor.py:153} INFO - Started process (PID=1503) to work on /opt/airflow/dags/user_processing.py
[2022-07-15 00:11:03,211] {processor.py:641} INFO - Processing file /opt/airflow/dags/user_processing.py for tasks to queue
[2022-07-15 00:11:03,213] {logging_mixin.py:115} INFO - [2022-07-15 00:11:03,213] {dagbag.py:507} INFO - Filling up the DagBag from /opt/airflow/dags/user_processing.py
[2022-07-15 00:11:03,580] {processor.py:651} INFO - DAG(s) dict_keys(['user_processing']) retrieved from /opt/airflow/dags/user_processing.py
[2022-07-15 00:11:03,614] {logging_mixin.py:115} INFO - [2022-07-15 00:11:03,614] {dag.py:2371} INFO - Sync 1 DAGs
[2022-07-15 00:11:03,630] {logging_mixin.py:115} INFO - [2022-07-15 00:11:03,630] {dag.py:2919} INFO - Setting next_dagrun for user_processing to 2022-07-15T00:00:00+00:00, run_after=2022-07-16T00:00:00+00:00
[2022-07-15 00:11:03,640] {processor.py:161} INFO - Processing /opt/airflow/dags/user_processing.py took 0.434 seconds
[2022-07-15 00:11:33,700] {processor.py:153} INFO - Started process (PID=1572) to work on /opt/airflow/dags/user_processing.py
[2022-07-15 00:11:33,702] {processor.py:641} INFO - Processing file /opt/airflow/dags/user_processing.py for tasks to queue
[2022-07-15 00:11:33,704] {logging_mixin.py:115} INFO - [2022-07-15 00:11:33,704] {dagbag.py:507} INFO - Filling up the DagBag from /opt/airflow/dags/user_processing.py
[2022-07-15 00:11:34,076] {processor.py:651} INFO - DAG(s) dict_keys(['user_processing']) retrieved from /opt/airflow/dags/user_processing.py
[2022-07-15 00:11:34,108] {logging_mixin.py:115} INFO - [2022-07-15 00:11:34,107] {dag.py:2371} INFO - Sync 1 DAGs
[2022-07-15 00:11:34,122] {logging_mixin.py:115} INFO - [2022-07-15 00:11:34,122] {dag.py:2919} INFO - Setting next_dagrun for user_processing to 2022-07-15T00:00:00+00:00, run_after=2022-07-16T00:00:00+00:00
[2022-07-15 00:11:34,133] {processor.py:161} INFO - Processing /opt/airflow/dags/user_processing.py took 0.436 seconds
[2022-07-15 00:12:04,916] {processor.py:153} INFO - Started process (PID=1629) to work on /opt/airflow/dags/user_processing.py
[2022-07-15 00:12:04,919] {processor.py:641} INFO - Processing file /opt/airflow/dags/user_processing.py for tasks to queue
[2022-07-15 00:12:04,921] {logging_mixin.py:115} INFO - [2022-07-15 00:12:04,921] {dagbag.py:507} INFO - Filling up the DagBag from /opt/airflow/dags/user_processing.py
[2022-07-15 00:12:05,378] {processor.py:651} INFO - DAG(s) dict_keys(['user_processing']) retrieved from /opt/airflow/dags/user_processing.py
[2022-07-15 00:12:05,416] {logging_mixin.py:115} INFO - [2022-07-15 00:12:05,416] {dag.py:2371} INFO - Sync 1 DAGs
[2022-07-15 00:12:05,434] {logging_mixin.py:115} INFO - [2022-07-15 00:12:05,433] {dag.py:2919} INFO - Setting next_dagrun for user_processing to 2022-07-15T00:00:00+00:00, run_after=2022-07-16T00:00:00+00:00
[2022-07-15 00:12:05,446] {processor.py:161} INFO - Processing /opt/airflow/dags/user_processing.py took 0.535 seconds
[2022-07-15 00:12:36,384] {processor.py:153} INFO - Started process (PID=1705) to work on /opt/airflow/dags/user_processing.py
[2022-07-15 00:12:36,388] {processor.py:641} INFO - Processing file /opt/airflow/dags/user_processing.py for tasks to queue
[2022-07-15 00:12:36,391] {logging_mixin.py:115} INFO - [2022-07-15 00:12:36,390] {dagbag.py:507} INFO - Filling up the DagBag from /opt/airflow/dags/user_processing.py
[2022-07-15 00:12:36,865] {processor.py:651} INFO - DAG(s) dict_keys(['user_processing']) retrieved from /opt/airflow/dags/user_processing.py
[2022-07-15 00:12:36,900] {logging_mixin.py:115} INFO - [2022-07-15 00:12:36,900] {dag.py:2371} INFO - Sync 1 DAGs
[2022-07-15 00:12:36,919] {logging_mixin.py:115} INFO - [2022-07-15 00:12:36,919] {dag.py:2919} INFO - Setting next_dagrun for user_processing to 2022-07-15T00:00:00+00:00, run_after=2022-07-16T00:00:00+00:00
[2022-07-15 00:12:36,931] {processor.py:161} INFO - Processing /opt/airflow/dags/user_processing.py took 0.551 seconds
[2022-07-15 00:13:06,985] {processor.py:153} INFO - Started process (PID=1774) to work on /opt/airflow/dags/user_processing.py
[2022-07-15 00:13:06,987] {processor.py:641} INFO - Processing file /opt/airflow/dags/user_processing.py for tasks to queue
[2022-07-15 00:13:06,989] {logging_mixin.py:115} INFO - [2022-07-15 00:13:06,989] {dagbag.py:507} INFO - Filling up the DagBag from /opt/airflow/dags/user_processing.py
[2022-07-15 00:13:07,294] {processor.py:651} INFO - DAG(s) dict_keys(['user_processing']) retrieved from /opt/airflow/dags/user_processing.py
[2022-07-15 00:13:07,319] {logging_mixin.py:115} INFO - [2022-07-15 00:13:07,319] {dag.py:2371} INFO - Sync 1 DAGs
[2022-07-15 00:13:07,333] {logging_mixin.py:115} INFO - [2022-07-15 00:13:07,333] {dag.py:2919} INFO - Setting next_dagrun for user_processing to 2022-07-15T00:00:00+00:00, run_after=2022-07-16T00:00:00+00:00
[2022-07-15 00:13:07,344] {processor.py:161} INFO - Processing /opt/airflow/dags/user_processing.py took 0.362 seconds
[2022-07-15 00:13:37,407] {processor.py:153} INFO - Started process (PID=1843) to work on /opt/airflow/dags/user_processing.py
[2022-07-15 00:13:37,409] {processor.py:641} INFO - Processing file /opt/airflow/dags/user_processing.py for tasks to queue
[2022-07-15 00:13:37,411] {logging_mixin.py:115} INFO - [2022-07-15 00:13:37,411] {dagbag.py:507} INFO - Filling up the DagBag from /opt/airflow/dags/user_processing.py
[2022-07-15 00:13:37,749] {processor.py:651} INFO - DAG(s) dict_keys(['user_processing']) retrieved from /opt/airflow/dags/user_processing.py
[2022-07-15 00:13:37,777] {logging_mixin.py:115} INFO - [2022-07-15 00:13:37,776] {dag.py:2371} INFO - Sync 1 DAGs
[2022-07-15 00:13:37,802] {logging_mixin.py:115} INFO - [2022-07-15 00:13:37,801] {dag.py:2919} INFO - Setting next_dagrun for user_processing to 2022-07-15T00:00:00+00:00, run_after=2022-07-16T00:00:00+00:00
[2022-07-15 00:13:37,814] {processor.py:161} INFO - Processing /opt/airflow/dags/user_processing.py took 0.410 seconds
[2022-07-15 00:14:08,766] {processor.py:153} INFO - Started process (PID=1912) to work on /opt/airflow/dags/user_processing.py
[2022-07-15 00:14:08,768] {processor.py:641} INFO - Processing file /opt/airflow/dags/user_processing.py for tasks to queue
[2022-07-15 00:14:08,770] {logging_mixin.py:115} INFO - [2022-07-15 00:14:08,770] {dagbag.py:507} INFO - Filling up the DagBag from /opt/airflow/dags/user_processing.py
[2022-07-15 00:14:09,079] {processor.py:651} INFO - DAG(s) dict_keys(['user_processing']) retrieved from /opt/airflow/dags/user_processing.py
[2022-07-15 00:14:09,111] {logging_mixin.py:115} INFO - [2022-07-15 00:14:09,111] {dag.py:2371} INFO - Sync 1 DAGs
[2022-07-15 00:14:09,127] {logging_mixin.py:115} INFO - [2022-07-15 00:14:09,127] {dag.py:2919} INFO - Setting next_dagrun for user_processing to 2022-07-15T00:00:00+00:00, run_after=2022-07-16T00:00:00+00:00
[2022-07-15 00:14:09,141] {processor.py:161} INFO - Processing /opt/airflow/dags/user_processing.py took 0.377 seconds
[2022-07-15 00:14:39,282] {processor.py:153} INFO - Started process (PID=1980) to work on /opt/airflow/dags/user_processing.py
[2022-07-15 00:14:39,284] {processor.py:641} INFO - Processing file /opt/airflow/dags/user_processing.py for tasks to queue
[2022-07-15 00:14:39,286] {logging_mixin.py:115} INFO - [2022-07-15 00:14:39,286] {dagbag.py:507} INFO - Filling up the DagBag from /opt/airflow/dags/user_processing.py
[2022-07-15 00:14:39,618] {processor.py:651} INFO - DAG(s) dict_keys(['user_processing']) retrieved from /opt/airflow/dags/user_processing.py
[2022-07-15 00:14:39,653] {logging_mixin.py:115} INFO - [2022-07-15 00:14:39,653] {dag.py:2371} INFO - Sync 1 DAGs
[2022-07-15 00:14:39,673] {logging_mixin.py:115} INFO - [2022-07-15 00:14:39,672] {dag.py:2919} INFO - Setting next_dagrun for user_processing to 2022-07-15T00:00:00+00:00, run_after=2022-07-16T00:00:00+00:00
[2022-07-15 00:14:39,687] {processor.py:161} INFO - Processing /opt/airflow/dags/user_processing.py took 0.408 seconds
[2022-07-15 00:15:10,025] {processor.py:153} INFO - Started process (PID=2045) to work on /opt/airflow/dags/user_processing.py
[2022-07-15 00:15:10,028] {processor.py:641} INFO - Processing file /opt/airflow/dags/user_processing.py for tasks to queue
[2022-07-15 00:15:10,029] {logging_mixin.py:115} INFO - [2022-07-15 00:15:10,029] {dagbag.py:507} INFO - Filling up the DagBag from /opt/airflow/dags/user_processing.py
[2022-07-15 00:15:10,330] {processor.py:651} INFO - DAG(s) dict_keys(['user_processing']) retrieved from /opt/airflow/dags/user_processing.py
[2022-07-15 00:15:10,354] {logging_mixin.py:115} INFO - [2022-07-15 00:15:10,354] {dag.py:2371} INFO - Sync 1 DAGs
[2022-07-15 00:15:10,369] {logging_mixin.py:115} INFO - [2022-07-15 00:15:10,369] {dag.py:2919} INFO - Setting next_dagrun for user_processing to 2022-07-15T00:00:00+00:00, run_after=2022-07-16T00:00:00+00:00
[2022-07-15 00:15:10,378] {processor.py:161} INFO - Processing /opt/airflow/dags/user_processing.py took 0.354 seconds
[2022-07-15 00:15:40,526] {processor.py:153} INFO - Started process (PID=2116) to work on /opt/airflow/dags/user_processing.py
[2022-07-15 00:15:40,528] {processor.py:641} INFO - Processing file /opt/airflow/dags/user_processing.py for tasks to queue
[2022-07-15 00:15:40,530] {logging_mixin.py:115} INFO - [2022-07-15 00:15:40,530] {dagbag.py:507} INFO - Filling up the DagBag from /opt/airflow/dags/user_processing.py
[2022-07-15 00:15:40,783] {processor.py:651} INFO - DAG(s) dict_keys(['user_processing']) retrieved from /opt/airflow/dags/user_processing.py
[2022-07-15 00:15:40,812] {logging_mixin.py:115} INFO - [2022-07-15 00:15:40,812] {dag.py:2371} INFO - Sync 1 DAGs
[2022-07-15 00:15:40,825] {logging_mixin.py:115} INFO - [2022-07-15 00:15:40,825] {dag.py:2919} INFO - Setting next_dagrun for user_processing to 2022-07-15T00:00:00+00:00, run_after=2022-07-16T00:00:00+00:00
[2022-07-15 00:15:40,836] {processor.py:161} INFO - Processing /opt/airflow/dags/user_processing.py took 0.312 seconds
[2022-07-15 00:16:11,219] {processor.py:153} INFO - Started process (PID=2182) to work on /opt/airflow/dags/user_processing.py
[2022-07-15 00:16:11,221] {processor.py:641} INFO - Processing file /opt/airflow/dags/user_processing.py for tasks to queue
[2022-07-15 00:16:11,223] {logging_mixin.py:115} INFO - [2022-07-15 00:16:11,223] {dagbag.py:507} INFO - Filling up the DagBag from /opt/airflow/dags/user_processing.py
[2022-07-15 00:16:11,505] {processor.py:651} INFO - DAG(s) dict_keys(['user_processing']) retrieved from /opt/airflow/dags/user_processing.py
[2022-07-15 00:16:11,538] {logging_mixin.py:115} INFO - [2022-07-15 00:16:11,537] {dag.py:2371} INFO - Sync 1 DAGs
[2022-07-15 00:16:11,550] {logging_mixin.py:115} INFO - [2022-07-15 00:16:11,550] {dag.py:2919} INFO - Setting next_dagrun for user_processing to 2022-07-15T00:00:00+00:00, run_after=2022-07-16T00:00:00+00:00
[2022-07-15 00:16:11,561] {processor.py:161} INFO - Processing /opt/airflow/dags/user_processing.py took 0.345 seconds
[2022-07-15 00:16:42,371] {processor.py:153} INFO - Started process (PID=2250) to work on /opt/airflow/dags/user_processing.py
[2022-07-15 00:16:42,373] {processor.py:641} INFO - Processing file /opt/airflow/dags/user_processing.py for tasks to queue
[2022-07-15 00:16:42,374] {logging_mixin.py:115} INFO - [2022-07-15 00:16:42,374] {dagbag.py:507} INFO - Filling up the DagBag from /opt/airflow/dags/user_processing.py
[2022-07-15 00:16:42,659] {processor.py:651} INFO - DAG(s) dict_keys(['user_processing']) retrieved from /opt/airflow/dags/user_processing.py
[2022-07-15 00:16:42,687] {logging_mixin.py:115} INFO - [2022-07-15 00:16:42,686] {dag.py:2371} INFO - Sync 1 DAGs
[2022-07-15 00:16:42,702] {logging_mixin.py:115} INFO - [2022-07-15 00:16:42,701] {dag.py:2919} INFO - Setting next_dagrun for user_processing to 2022-07-15T00:00:00+00:00, run_after=2022-07-16T00:00:00+00:00
[2022-07-15 00:16:42,712] {processor.py:161} INFO - Processing /opt/airflow/dags/user_processing.py took 0.344 seconds
[2022-07-15 00:17:13,591] {processor.py:153} INFO - Started process (PID=2316) to work on /opt/airflow/dags/user_processing.py
[2022-07-15 00:17:13,594] {processor.py:641} INFO - Processing file /opt/airflow/dags/user_processing.py for tasks to queue
[2022-07-15 00:17:13,596] {logging_mixin.py:115} INFO - [2022-07-15 00:17:13,596] {dagbag.py:507} INFO - Filling up the DagBag from /opt/airflow/dags/user_processing.py
[2022-07-15 00:17:13,869] {processor.py:651} INFO - DAG(s) dict_keys(['user_processing']) retrieved from /opt/airflow/dags/user_processing.py
[2022-07-15 00:17:13,897] {logging_mixin.py:115} INFO - [2022-07-15 00:17:13,897] {dag.py:2371} INFO - Sync 1 DAGs
[2022-07-15 00:17:13,917] {logging_mixin.py:115} INFO - [2022-07-15 00:17:13,917] {dag.py:2919} INFO - Setting next_dagrun for user_processing to 2022-07-15T00:00:00+00:00, run_after=2022-07-16T00:00:00+00:00
[2022-07-15 00:17:13,929] {processor.py:161} INFO - Processing /opt/airflow/dags/user_processing.py took 0.341 seconds
[2022-07-15 00:17:44,660] {processor.py:153} INFO - Started process (PID=2374) to work on /opt/airflow/dags/user_processing.py
[2022-07-15 00:17:44,662] {processor.py:641} INFO - Processing file /opt/airflow/dags/user_processing.py for tasks to queue
[2022-07-15 00:17:44,664] {logging_mixin.py:115} INFO - [2022-07-15 00:17:44,664] {dagbag.py:507} INFO - Filling up the DagBag from /opt/airflow/dags/user_processing.py
[2022-07-15 00:17:44,941] {processor.py:651} INFO - DAG(s) dict_keys(['user_processing']) retrieved from /opt/airflow/dags/user_processing.py
[2022-07-15 00:17:44,966] {logging_mixin.py:115} INFO - [2022-07-15 00:17:44,966] {dag.py:2371} INFO - Sync 1 DAGs
[2022-07-15 00:17:44,980] {logging_mixin.py:115} INFO - [2022-07-15 00:17:44,980] {dag.py:2919} INFO - Setting next_dagrun for user_processing to 2022-07-15T00:00:00+00:00, run_after=2022-07-16T00:00:00+00:00
[2022-07-15 00:17:44,991] {processor.py:161} INFO - Processing /opt/airflow/dags/user_processing.py took 0.333 seconds
[2022-07-15 00:18:15,251] {processor.py:153} INFO - Started process (PID=2441) to work on /opt/airflow/dags/user_processing.py
[2022-07-15 00:18:15,253] {processor.py:641} INFO - Processing file /opt/airflow/dags/user_processing.py for tasks to queue
[2022-07-15 00:18:15,255] {logging_mixin.py:115} INFO - [2022-07-15 00:18:15,255] {dagbag.py:507} INFO - Filling up the DagBag from /opt/airflow/dags/user_processing.py
[2022-07-15 00:18:15,616] {processor.py:651} INFO - DAG(s) dict_keys(['user_processing']) retrieved from /opt/airflow/dags/user_processing.py
[2022-07-15 00:18:15,664] {logging_mixin.py:115} INFO - [2022-07-15 00:18:15,663] {dag.py:2371} INFO - Sync 1 DAGs
[2022-07-15 00:18:15,678] {logging_mixin.py:115} INFO - [2022-07-15 00:18:15,678] {dag.py:2919} INFO - Setting next_dagrun for user_processing to 2022-07-15T00:00:00+00:00, run_after=2022-07-16T00:00:00+00:00
[2022-07-15 00:18:15,691] {processor.py:161} INFO - Processing /opt/airflow/dags/user_processing.py took 0.443 seconds
[2022-07-15 00:18:45,946] {processor.py:153} INFO - Started process (PID=2512) to work on /opt/airflow/dags/user_processing.py
[2022-07-15 00:18:45,948] {processor.py:641} INFO - Processing file /opt/airflow/dags/user_processing.py for tasks to queue
[2022-07-15 00:18:45,950] {logging_mixin.py:115} INFO - [2022-07-15 00:18:45,950] {dagbag.py:507} INFO - Filling up the DagBag from /opt/airflow/dags/user_processing.py
[2022-07-15 00:18:46,265] {processor.py:651} INFO - DAG(s) dict_keys(['user_processing']) retrieved from /opt/airflow/dags/user_processing.py
[2022-07-15 00:18:46,294] {logging_mixin.py:115} INFO - [2022-07-15 00:18:46,293] {dag.py:2371} INFO - Sync 1 DAGs
[2022-07-15 00:18:46,307] {logging_mixin.py:115} INFO - [2022-07-15 00:18:46,307] {dag.py:2919} INFO - Setting next_dagrun for user_processing to 2022-07-15T00:00:00+00:00, run_after=2022-07-16T00:00:00+00:00
[2022-07-15 00:18:46,320] {processor.py:161} INFO - Processing /opt/airflow/dags/user_processing.py took 0.377 seconds
[2022-07-15 00:19:16,870] {processor.py:153} INFO - Started process (PID=2583) to work on /opt/airflow/dags/user_processing.py
[2022-07-15 00:19:16,872] {processor.py:641} INFO - Processing file /opt/airflow/dags/user_processing.py for tasks to queue
[2022-07-15 00:19:16,874] {logging_mixin.py:115} INFO - [2022-07-15 00:19:16,873] {dagbag.py:507} INFO - Filling up the DagBag from /opt/airflow/dags/user_processing.py
[2022-07-15 00:19:17,194] {processor.py:651} INFO - DAG(s) dict_keys(['user_processing']) retrieved from /opt/airflow/dags/user_processing.py
[2022-07-15 00:19:17,225] {logging_mixin.py:115} INFO - [2022-07-15 00:19:17,225] {dag.py:2371} INFO - Sync 1 DAGs
[2022-07-15 00:19:17,240] {logging_mixin.py:115} INFO - [2022-07-15 00:19:17,240] {dag.py:2919} INFO - Setting next_dagrun for user_processing to 2022-07-15T00:00:00+00:00, run_after=2022-07-16T00:00:00+00:00
[2022-07-15 00:19:17,251] {processor.py:161} INFO - Processing /opt/airflow/dags/user_processing.py took 0.385 seconds
[2022-07-15 00:19:48,242] {processor.py:153} INFO - Started process (PID=2649) to work on /opt/airflow/dags/user_processing.py
[2022-07-15 00:19:48,244] {processor.py:641} INFO - Processing file /opt/airflow/dags/user_processing.py for tasks to queue
[2022-07-15 00:19:48,246] {logging_mixin.py:115} INFO - [2022-07-15 00:19:48,245] {dagbag.py:507} INFO - Filling up the DagBag from /opt/airflow/dags/user_processing.py
[2022-07-15 00:19:48,600] {processor.py:651} INFO - DAG(s) dict_keys(['user_processing']) retrieved from /opt/airflow/dags/user_processing.py
[2022-07-15 00:19:48,625] {logging_mixin.py:115} INFO - [2022-07-15 00:19:48,624] {dag.py:2371} INFO - Sync 1 DAGs
[2022-07-15 00:19:48,639] {logging_mixin.py:115} INFO - [2022-07-15 00:19:48,639] {dag.py:2919} INFO - Setting next_dagrun for user_processing to 2022-07-15T00:00:00+00:00, run_after=2022-07-16T00:00:00+00:00
[2022-07-15 00:19:48,651] {processor.py:161} INFO - Processing /opt/airflow/dags/user_processing.py took 0.412 seconds
[2022-07-15 00:20:18,864] {processor.py:153} INFO - Started process (PID=2705) to work on /opt/airflow/dags/user_processing.py
[2022-07-15 00:20:18,867] {processor.py:641} INFO - Processing file /opt/airflow/dags/user_processing.py for tasks to queue
[2022-07-15 00:20:18,869] {logging_mixin.py:115} INFO - [2022-07-15 00:20:18,869] {dagbag.py:507} INFO - Filling up the DagBag from /opt/airflow/dags/user_processing.py
[2022-07-15 00:20:19,180] {processor.py:651} INFO - DAG(s) dict_keys(['user_processing']) retrieved from /opt/airflow/dags/user_processing.py
[2022-07-15 00:20:19,206] {logging_mixin.py:115} INFO - [2022-07-15 00:20:19,206] {dag.py:2371} INFO - Sync 1 DAGs
[2022-07-15 00:20:19,222] {logging_mixin.py:115} INFO - [2022-07-15 00:20:19,222] {dag.py:2919} INFO - Setting next_dagrun for user_processing to 2022-07-15T00:00:00+00:00, run_after=2022-07-16T00:00:00+00:00
[2022-07-15 00:20:19,234] {processor.py:161} INFO - Processing /opt/airflow/dags/user_processing.py took 0.372 seconds
[2022-07-15 00:20:49,813] {processor.py:153} INFO - Started process (PID=2772) to work on /opt/airflow/dags/user_processing.py
[2022-07-15 00:20:49,815] {processor.py:641} INFO - Processing file /opt/airflow/dags/user_processing.py for tasks to queue
[2022-07-15 00:20:49,817] {logging_mixin.py:115} INFO - [2022-07-15 00:20:49,817] {dagbag.py:507} INFO - Filling up the DagBag from /opt/airflow/dags/user_processing.py
[2022-07-15 00:20:50,120] {processor.py:651} INFO - DAG(s) dict_keys(['user_processing']) retrieved from /opt/airflow/dags/user_processing.py
[2022-07-15 00:20:50,154] {logging_mixin.py:115} INFO - [2022-07-15 00:20:50,153] {dag.py:2371} INFO - Sync 1 DAGs
[2022-07-15 00:20:50,171] {logging_mixin.py:115} INFO - [2022-07-15 00:20:50,171] {dag.py:2919} INFO - Setting next_dagrun for user_processing to 2022-07-15T00:00:00+00:00, run_after=2022-07-16T00:00:00+00:00
[2022-07-15 00:20:50,183] {processor.py:161} INFO - Processing /opt/airflow/dags/user_processing.py took 0.373 seconds
[2022-07-15 00:21:21,201] {processor.py:153} INFO - Started process (PID=2842) to work on /opt/airflow/dags/user_processing.py
[2022-07-15 00:21:21,204] {processor.py:641} INFO - Processing file /opt/airflow/dags/user_processing.py for tasks to queue
[2022-07-15 00:21:21,205] {logging_mixin.py:115} INFO - [2022-07-15 00:21:21,205] {dagbag.py:507} INFO - Filling up the DagBag from /opt/airflow/dags/user_processing.py
[2022-07-15 00:21:21,503] {processor.py:651} INFO - DAG(s) dict_keys(['user_processing']) retrieved from /opt/airflow/dags/user_processing.py
[2022-07-15 00:21:21,531] {logging_mixin.py:115} INFO - [2022-07-15 00:21:21,531] {dag.py:2371} INFO - Sync 1 DAGs
[2022-07-15 00:21:21,552] {logging_mixin.py:115} INFO - [2022-07-15 00:21:21,552] {dag.py:2919} INFO - Setting next_dagrun for user_processing to 2022-07-15T00:00:00+00:00, run_after=2022-07-16T00:00:00+00:00
[2022-07-15 00:21:21,561] {processor.py:161} INFO - Processing /opt/airflow/dags/user_processing.py took 0.363 seconds
[2022-07-15 00:21:51,782] {processor.py:153} INFO - Started process (PID=2909) to work on /opt/airflow/dags/user_processing.py
[2022-07-15 00:21:51,784] {processor.py:641} INFO - Processing file /opt/airflow/dags/user_processing.py for tasks to queue
[2022-07-15 00:21:51,786] {logging_mixin.py:115} INFO - [2022-07-15 00:21:51,786] {dagbag.py:507} INFO - Filling up the DagBag from /opt/airflow/dags/user_processing.py
[2022-07-15 00:21:52,065] {processor.py:651} INFO - DAG(s) dict_keys(['user_processing']) retrieved from /opt/airflow/dags/user_processing.py
[2022-07-15 00:21:52,094] {logging_mixin.py:115} INFO - [2022-07-15 00:21:52,093] {dag.py:2371} INFO - Sync 1 DAGs
[2022-07-15 00:21:52,109] {logging_mixin.py:115} INFO - [2022-07-15 00:21:52,109] {dag.py:2919} INFO - Setting next_dagrun for user_processing to 2022-07-15T00:00:00+00:00, run_after=2022-07-16T00:00:00+00:00
[2022-07-15 00:21:52,118] {processor.py:161} INFO - Processing /opt/airflow/dags/user_processing.py took 0.339 seconds
[2022-07-15 00:22:22,633] {processor.py:153} INFO - Started process (PID=2976) to work on /opt/airflow/dags/user_processing.py
[2022-07-15 00:22:22,635] {processor.py:641} INFO - Processing file /opt/airflow/dags/user_processing.py for tasks to queue
[2022-07-15 00:22:22,638] {logging_mixin.py:115} INFO - [2022-07-15 00:22:22,637] {dagbag.py:507} INFO - Filling up the DagBag from /opt/airflow/dags/user_processing.py
[2022-07-15 00:22:23,012] {processor.py:651} INFO - DAG(s) dict_keys(['user_processing']) retrieved from /opt/airflow/dags/user_processing.py
[2022-07-15 00:22:23,037] {logging_mixin.py:115} INFO - [2022-07-15 00:22:23,037] {dag.py:2371} INFO - Sync 1 DAGs
[2022-07-15 00:22:23,051] {logging_mixin.py:115} INFO - [2022-07-15 00:22:23,051] {dag.py:2919} INFO - Setting next_dagrun for user_processing to 2022-07-15T00:00:00+00:00, run_after=2022-07-16T00:00:00+00:00
[2022-07-15 00:22:23,060] {processor.py:161} INFO - Processing /opt/airflow/dags/user_processing.py took 0.430 seconds
[2022-07-15 00:22:54,014] {processor.py:153} INFO - Started process (PID=3039) to work on /opt/airflow/dags/user_processing.py
[2022-07-15 00:22:54,016] {processor.py:641} INFO - Processing file /opt/airflow/dags/user_processing.py for tasks to queue
[2022-07-15 00:22:54,018] {logging_mixin.py:115} INFO - [2022-07-15 00:22:54,018] {dagbag.py:507} INFO - Filling up the DagBag from /opt/airflow/dags/user_processing.py
[2022-07-15 00:22:54,398] {processor.py:651} INFO - DAG(s) dict_keys(['user_processing']) retrieved from /opt/airflow/dags/user_processing.py
[2022-07-15 00:22:54,434] {logging_mixin.py:115} INFO - [2022-07-15 00:22:54,433] {dag.py:2371} INFO - Sync 1 DAGs
[2022-07-15 00:22:54,449] {logging_mixin.py:115} INFO - [2022-07-15 00:22:54,449] {dag.py:2919} INFO - Setting next_dagrun for user_processing to 2022-07-15T00:00:00+00:00, run_after=2022-07-16T00:00:00+00:00
[2022-07-15 00:22:54,461] {processor.py:161} INFO - Processing /opt/airflow/dags/user_processing.py took 0.451 seconds
[2022-07-15 00:23:25,457] {processor.py:153} INFO - Started process (PID=3102) to work on /opt/airflow/dags/user_processing.py
[2022-07-15 00:23:25,460] {processor.py:641} INFO - Processing file /opt/airflow/dags/user_processing.py for tasks to queue
[2022-07-15 00:23:25,462] {logging_mixin.py:115} INFO - [2022-07-15 00:23:25,462] {dagbag.py:507} INFO - Filling up the DagBag from /opt/airflow/dags/user_processing.py
[2022-07-15 00:23:25,775] {processor.py:651} INFO - DAG(s) dict_keys(['user_processing']) retrieved from /opt/airflow/dags/user_processing.py
[2022-07-15 00:23:25,804] {logging_mixin.py:115} INFO - [2022-07-15 00:23:25,803] {dag.py:2371} INFO - Sync 1 DAGs
[2022-07-15 00:23:25,820] {logging_mixin.py:115} INFO - [2022-07-15 00:23:25,820] {dag.py:2919} INFO - Setting next_dagrun for user_processing to 2022-07-15T00:00:00+00:00, run_after=2022-07-16T00:00:00+00:00
[2022-07-15 00:23:25,829] {processor.py:161} INFO - Processing /opt/airflow/dags/user_processing.py took 0.374 seconds
[2022-07-15 00:23:56,862] {processor.py:153} INFO - Started process (PID=3174) to work on /opt/airflow/dags/user_processing.py
[2022-07-15 00:23:56,865] {processor.py:641} INFO - Processing file /opt/airflow/dags/user_processing.py for tasks to queue
[2022-07-15 00:23:56,868] {logging_mixin.py:115} INFO - [2022-07-15 00:23:56,868] {dagbag.py:507} INFO - Filling up the DagBag from /opt/airflow/dags/user_processing.py
[2022-07-15 00:23:57,301] {processor.py:651} INFO - DAG(s) dict_keys(['user_processing']) retrieved from /opt/airflow/dags/user_processing.py
[2022-07-15 00:23:57,339] {logging_mixin.py:115} INFO - [2022-07-15 00:23:57,339] {dag.py:2371} INFO - Sync 1 DAGs
[2022-07-15 00:23:57,354] {logging_mixin.py:115} INFO - [2022-07-15 00:23:57,354] {dag.py:2919} INFO - Setting next_dagrun for user_processing to 2022-07-15T00:00:00+00:00, run_after=2022-07-16T00:00:00+00:00
[2022-07-15 00:23:57,365] {processor.py:161} INFO - Processing /opt/airflow/dags/user_processing.py took 0.509 seconds
[2022-07-15 00:24:27,588] {processor.py:153} INFO - Started process (PID=3242) to work on /opt/airflow/dags/user_processing.py
[2022-07-15 00:24:27,591] {processor.py:641} INFO - Processing file /opt/airflow/dags/user_processing.py for tasks to queue
[2022-07-15 00:24:27,594] {logging_mixin.py:115} INFO - [2022-07-15 00:24:27,594] {dagbag.py:507} INFO - Filling up the DagBag from /opt/airflow/dags/user_processing.py
[2022-07-15 00:24:27,829] {processor.py:651} INFO - DAG(s) dict_keys(['user_processing']) retrieved from /opt/airflow/dags/user_processing.py
[2022-07-15 00:24:27,853] {logging_mixin.py:115} INFO - [2022-07-15 00:24:27,853] {dag.py:2371} INFO - Sync 1 DAGs
[2022-07-15 00:24:27,866] {logging_mixin.py:115} INFO - [2022-07-15 00:24:27,865] {dag.py:2919} INFO - Setting next_dagrun for user_processing to 2022-07-15T00:00:00+00:00, run_after=2022-07-16T00:00:00+00:00
[2022-07-15 00:24:27,873] {processor.py:161} INFO - Processing /opt/airflow/dags/user_processing.py took 0.290 seconds
[2022-07-15 00:24:58,139] {processor.py:153} INFO - Started process (PID=3312) to work on /opt/airflow/dags/user_processing.py
[2022-07-15 00:24:58,141] {processor.py:641} INFO - Processing file /opt/airflow/dags/user_processing.py for tasks to queue
[2022-07-15 00:24:58,143] {logging_mixin.py:115} INFO - [2022-07-15 00:24:58,143] {dagbag.py:507} INFO - Filling up the DagBag from /opt/airflow/dags/user_processing.py
[2022-07-15 00:24:58,437] {processor.py:651} INFO - DAG(s) dict_keys(['user_processing']) retrieved from /opt/airflow/dags/user_processing.py
[2022-07-15 00:24:58,463] {logging_mixin.py:115} INFO - [2022-07-15 00:24:58,463] {dag.py:2371} INFO - Sync 1 DAGs
[2022-07-15 00:24:58,478] {logging_mixin.py:115} INFO - [2022-07-15 00:24:58,478] {dag.py:2919} INFO - Setting next_dagrun for user_processing to 2022-07-15T00:00:00+00:00, run_after=2022-07-16T00:00:00+00:00
[2022-07-15 00:24:58,499] {processor.py:161} INFO - Processing /opt/airflow/dags/user_processing.py took 0.363 seconds
[2022-07-15 00:25:28,578] {processor.py:153} INFO - Started process (PID=3367) to work on /opt/airflow/dags/user_processing.py
[2022-07-15 00:25:28,580] {processor.py:641} INFO - Processing file /opt/airflow/dags/user_processing.py for tasks to queue
[2022-07-15 00:25:28,582] {logging_mixin.py:115} INFO - [2022-07-15 00:25:28,582] {dagbag.py:507} INFO - Filling up the DagBag from /opt/airflow/dags/user_processing.py
[2022-07-15 00:25:28,858] {processor.py:651} INFO - DAG(s) dict_keys(['user_processing']) retrieved from /opt/airflow/dags/user_processing.py
[2022-07-15 00:25:28,891] {logging_mixin.py:115} INFO - [2022-07-15 00:25:28,890] {dag.py:2371} INFO - Sync 1 DAGs
[2022-07-15 00:25:28,907] {logging_mixin.py:115} INFO - [2022-07-15 00:25:28,907] {dag.py:2919} INFO - Setting next_dagrun for user_processing to 2022-07-15T00:00:00+00:00, run_after=2022-07-16T00:00:00+00:00
[2022-07-15 00:25:28,917] {processor.py:161} INFO - Processing /opt/airflow/dags/user_processing.py took 0.343 seconds
[2022-07-15 00:25:59,825] {processor.py:153} INFO - Started process (PID=3434) to work on /opt/airflow/dags/user_processing.py
[2022-07-15 00:25:59,828] {processor.py:641} INFO - Processing file /opt/airflow/dags/user_processing.py for tasks to queue
[2022-07-15 00:25:59,829] {logging_mixin.py:115} INFO - [2022-07-15 00:25:59,829] {dagbag.py:507} INFO - Filling up the DagBag from /opt/airflow/dags/user_processing.py
[2022-07-15 00:26:00,058] {processor.py:651} INFO - DAG(s) dict_keys(['user_processing']) retrieved from /opt/airflow/dags/user_processing.py
[2022-07-15 00:26:00,086] {logging_mixin.py:115} INFO - [2022-07-15 00:26:00,085] {dag.py:2371} INFO - Sync 1 DAGs
[2022-07-15 00:26:00,100] {logging_mixin.py:115} INFO - [2022-07-15 00:26:00,100] {dag.py:2919} INFO - Setting next_dagrun for user_processing to 2022-07-15T00:00:00+00:00, run_after=2022-07-16T00:00:00+00:00
[2022-07-15 00:26:00,112] {processor.py:161} INFO - Processing /opt/airflow/dags/user_processing.py took 0.289 seconds
[2022-07-15 00:26:30,726] {processor.py:153} INFO - Started process (PID=3506) to work on /opt/airflow/dags/user_processing.py
[2022-07-15 00:26:30,728] {processor.py:641} INFO - Processing file /opt/airflow/dags/user_processing.py for tasks to queue
[2022-07-15 00:26:30,730] {logging_mixin.py:115} INFO - [2022-07-15 00:26:30,729] {dagbag.py:507} INFO - Filling up the DagBag from /opt/airflow/dags/user_processing.py
[2022-07-15 00:26:30,992] {processor.py:651} INFO - DAG(s) dict_keys(['user_processing']) retrieved from /opt/airflow/dags/user_processing.py
[2022-07-15 00:26:31,020] {logging_mixin.py:115} INFO - [2022-07-15 00:26:31,019] {dag.py:2371} INFO - Sync 1 DAGs
[2022-07-15 00:26:31,035] {logging_mixin.py:115} INFO - [2022-07-15 00:26:31,035] {dag.py:2919} INFO - Setting next_dagrun for user_processing to 2022-07-15T00:00:00+00:00, run_after=2022-07-16T00:00:00+00:00
[2022-07-15 00:26:31,046] {processor.py:161} INFO - Processing /opt/airflow/dags/user_processing.py took 0.322 seconds
[2022-07-15 00:27:01,236] {processor.py:153} INFO - Started process (PID=3577) to work on /opt/airflow/dags/user_processing.py
[2022-07-15 00:27:01,238] {processor.py:641} INFO - Processing file /opt/airflow/dags/user_processing.py for tasks to queue
[2022-07-15 00:27:01,239] {logging_mixin.py:115} INFO - [2022-07-15 00:27:01,239] {dagbag.py:507} INFO - Filling up the DagBag from /opt/airflow/dags/user_processing.py
[2022-07-15 00:27:01,511] {processor.py:651} INFO - DAG(s) dict_keys(['user_processing']) retrieved from /opt/airflow/dags/user_processing.py
[2022-07-15 00:27:01,537] {logging_mixin.py:115} INFO - [2022-07-15 00:27:01,536] {dag.py:2371} INFO - Sync 1 DAGs
[2022-07-15 00:27:01,560] {logging_mixin.py:115} INFO - [2022-07-15 00:27:01,560] {dag.py:2919} INFO - Setting next_dagrun for user_processing to 2022-07-15T00:00:00+00:00, run_after=2022-07-16T00:00:00+00:00
[2022-07-15 00:27:01,570] {processor.py:161} INFO - Processing /opt/airflow/dags/user_processing.py took 0.336 seconds
[2022-07-15 00:27:32,497] {processor.py:153} INFO - Started process (PID=3644) to work on /opt/airflow/dags/user_processing.py
[2022-07-15 00:27:32,500] {processor.py:641} INFO - Processing file /opt/airflow/dags/user_processing.py for tasks to queue
[2022-07-15 00:27:32,501] {logging_mixin.py:115} INFO - [2022-07-15 00:27:32,501] {dagbag.py:507} INFO - Filling up the DagBag from /opt/airflow/dags/user_processing.py
[2022-07-15 00:27:32,817] {processor.py:651} INFO - DAG(s) dict_keys(['user_processing']) retrieved from /opt/airflow/dags/user_processing.py
[2022-07-15 00:27:32,854] {logging_mixin.py:115} INFO - [2022-07-15 00:27:32,854] {dag.py:2371} INFO - Sync 1 DAGs
[2022-07-15 00:27:32,871] {logging_mixin.py:115} INFO - [2022-07-15 00:27:32,871] {dag.py:2919} INFO - Setting next_dagrun for user_processing to 2022-07-15T00:00:00+00:00, run_after=2022-07-16T00:00:00+00:00
[2022-07-15 00:27:32,884] {processor.py:161} INFO - Processing /opt/airflow/dags/user_processing.py took 0.388 seconds
[2022-07-15 00:28:03,016] {processor.py:153} INFO - Started process (PID=3703) to work on /opt/airflow/dags/user_processing.py
[2022-07-15 00:28:03,025] {processor.py:641} INFO - Processing file /opt/airflow/dags/user_processing.py for tasks to queue
[2022-07-15 00:28:03,029] {logging_mixin.py:115} INFO - [2022-07-15 00:28:03,029] {dagbag.py:507} INFO - Filling up the DagBag from /opt/airflow/dags/user_processing.py
[2022-07-15 00:28:03,438] {processor.py:651} INFO - DAG(s) dict_keys(['user_processing']) retrieved from /opt/airflow/dags/user_processing.py
[2022-07-15 00:28:03,482] {logging_mixin.py:115} INFO - [2022-07-15 00:28:03,482] {dag.py:2371} INFO - Sync 1 DAGs
[2022-07-15 00:28:03,500] {logging_mixin.py:115} INFO - [2022-07-15 00:28:03,500] {dag.py:2919} INFO - Setting next_dagrun for user_processing to 2022-07-15T00:00:00+00:00, run_after=2022-07-16T00:00:00+00:00
[2022-07-15 00:28:03,524] {processor.py:161} INFO - Processing /opt/airflow/dags/user_processing.py took 0.512 seconds
[2022-07-15 00:28:34,210] {processor.py:153} INFO - Started process (PID=3767) to work on /opt/airflow/dags/user_processing.py
[2022-07-15 00:28:34,226] {processor.py:641} INFO - Processing file /opt/airflow/dags/user_processing.py for tasks to queue
[2022-07-15 00:28:34,228] {logging_mixin.py:115} INFO - [2022-07-15 00:28:34,228] {dagbag.py:507} INFO - Filling up the DagBag from /opt/airflow/dags/user_processing.py
[2022-07-15 00:28:34,556] {processor.py:651} INFO - DAG(s) dict_keys(['user_processing']) retrieved from /opt/airflow/dags/user_processing.py
[2022-07-15 00:28:34,588] {logging_mixin.py:115} INFO - [2022-07-15 00:28:34,588] {dag.py:2371} INFO - Sync 1 DAGs
[2022-07-15 00:28:34,624] {logging_mixin.py:115} INFO - [2022-07-15 00:28:34,624] {dag.py:2919} INFO - Setting next_dagrun for user_processing to 2022-07-15T00:00:00+00:00, run_after=2022-07-16T00:00:00+00:00
[2022-07-15 00:28:34,638] {processor.py:161} INFO - Processing /opt/airflow/dags/user_processing.py took 0.431 seconds
[2022-07-15 00:29:05,350] {processor.py:153} INFO - Started process (PID=3831) to work on /opt/airflow/dags/user_processing.py
[2022-07-15 00:29:05,352] {processor.py:641} INFO - Processing file /opt/airflow/dags/user_processing.py for tasks to queue
[2022-07-15 00:29:05,354] {logging_mixin.py:115} INFO - [2022-07-15 00:29:05,354] {dagbag.py:507} INFO - Filling up the DagBag from /opt/airflow/dags/user_processing.py
[2022-07-15 00:29:05,691] {processor.py:651} INFO - DAG(s) dict_keys(['user_processing']) retrieved from /opt/airflow/dags/user_processing.py
[2022-07-15 00:29:05,720] {logging_mixin.py:115} INFO - [2022-07-15 00:29:05,720] {dag.py:2371} INFO - Sync 1 DAGs
[2022-07-15 00:29:05,736] {logging_mixin.py:115} INFO - [2022-07-15 00:29:05,736] {dag.py:2919} INFO - Setting next_dagrun for user_processing to 2022-07-15T00:00:00+00:00, run_after=2022-07-16T00:00:00+00:00
[2022-07-15 00:29:05,747] {processor.py:161} INFO - Processing /opt/airflow/dags/user_processing.py took 0.400 seconds
[2022-07-15 00:29:36,445] {processor.py:153} INFO - Started process (PID=3896) to work on /opt/airflow/dags/user_processing.py
[2022-07-15 00:29:36,448] {processor.py:641} INFO - Processing file /opt/airflow/dags/user_processing.py for tasks to queue
[2022-07-15 00:29:36,449] {logging_mixin.py:115} INFO - [2022-07-15 00:29:36,449] {dagbag.py:507} INFO - Filling up the DagBag from /opt/airflow/dags/user_processing.py
[2022-07-15 00:29:36,780] {processor.py:651} INFO - DAG(s) dict_keys(['user_processing']) retrieved from /opt/airflow/dags/user_processing.py
[2022-07-15 00:29:36,821] {logging_mixin.py:115} INFO - [2022-07-15 00:29:36,820] {dag.py:2371} INFO - Sync 1 DAGs
[2022-07-15 00:29:36,840] {logging_mixin.py:115} INFO - [2022-07-15 00:29:36,840] {dag.py:2919} INFO - Setting next_dagrun for user_processing to 2022-07-15T00:00:00+00:00, run_after=2022-07-16T00:00:00+00:00
[2022-07-15 00:29:36,850] {processor.py:161} INFO - Processing /opt/airflow/dags/user_processing.py took 0.409 seconds
[2022-07-15 00:30:07,509] {processor.py:153} INFO - Started process (PID=3962) to work on /opt/airflow/dags/user_processing.py
[2022-07-15 00:30:07,512] {processor.py:641} INFO - Processing file /opt/airflow/dags/user_processing.py for tasks to queue
[2022-07-15 00:30:07,514] {logging_mixin.py:115} INFO - [2022-07-15 00:30:07,514] {dagbag.py:507} INFO - Filling up the DagBag from /opt/airflow/dags/user_processing.py
[2022-07-15 00:30:07,756] {processor.py:651} INFO - DAG(s) dict_keys(['user_processing']) retrieved from /opt/airflow/dags/user_processing.py
[2022-07-15 00:30:07,781] {logging_mixin.py:115} INFO - [2022-07-15 00:30:07,780] {dag.py:2371} INFO - Sync 1 DAGs
[2022-07-15 00:30:07,793] {logging_mixin.py:115} INFO - [2022-07-15 00:30:07,792] {dag.py:2919} INFO - Setting next_dagrun for user_processing to 2022-07-15T00:00:00+00:00, run_after=2022-07-16T00:00:00+00:00
[2022-07-15 00:30:07,802] {processor.py:161} INFO - Processing /opt/airflow/dags/user_processing.py took 0.296 seconds
[2022-07-15 00:30:38,838] {processor.py:153} INFO - Started process (PID=4028) to work on /opt/airflow/dags/user_processing.py
[2022-07-15 00:30:38,840] {processor.py:641} INFO - Processing file /opt/airflow/dags/user_processing.py for tasks to queue
[2022-07-15 00:30:38,842] {logging_mixin.py:115} INFO - [2022-07-15 00:30:38,842] {dagbag.py:507} INFO - Filling up the DagBag from /opt/airflow/dags/user_processing.py
[2022-07-15 00:30:39,088] {processor.py:651} INFO - DAG(s) dict_keys(['user_processing']) retrieved from /opt/airflow/dags/user_processing.py
[2022-07-15 00:30:39,116] {logging_mixin.py:115} INFO - [2022-07-15 00:30:39,116] {dag.py:2371} INFO - Sync 1 DAGs
[2022-07-15 00:30:39,135] {logging_mixin.py:115} INFO - [2022-07-15 00:30:39,135] {dag.py:2919} INFO - Setting next_dagrun for user_processing to 2022-07-15T00:00:00+00:00, run_after=2022-07-16T00:00:00+00:00
[2022-07-15 00:30:39,144] {processor.py:161} INFO - Processing /opt/airflow/dags/user_processing.py took 0.309 seconds
[2022-07-15 00:31:10,202] {processor.py:153} INFO - Started process (PID=4092) to work on /opt/airflow/dags/user_processing.py
[2022-07-15 00:31:10,205] {processor.py:641} INFO - Processing file /opt/airflow/dags/user_processing.py for tasks to queue
[2022-07-15 00:31:10,206] {logging_mixin.py:115} INFO - [2022-07-15 00:31:10,206] {dagbag.py:507} INFO - Filling up the DagBag from /opt/airflow/dags/user_processing.py
[2022-07-15 00:31:10,664] {processor.py:651} INFO - DAG(s) dict_keys(['user_processing']) retrieved from /opt/airflow/dags/user_processing.py
[2022-07-15 00:31:10,699] {logging_mixin.py:115} INFO - [2022-07-15 00:31:10,699] {dag.py:2371} INFO - Sync 1 DAGs
[2022-07-15 00:31:10,715] {logging_mixin.py:115} INFO - [2022-07-15 00:31:10,715] {dag.py:2919} INFO - Setting next_dagrun for user_processing to 2022-07-15T00:00:00+00:00, run_after=2022-07-16T00:00:00+00:00
[2022-07-15 00:31:10,727] {processor.py:161} INFO - Processing /opt/airflow/dags/user_processing.py took 0.531 seconds
[2022-07-15 00:31:40,850] {processor.py:153} INFO - Started process (PID=4150) to work on /opt/airflow/dags/user_processing.py
[2022-07-15 00:31:40,851] {processor.py:641} INFO - Processing file /opt/airflow/dags/user_processing.py for tasks to queue
[2022-07-15 00:31:40,854] {logging_mixin.py:115} INFO - [2022-07-15 00:31:40,854] {dagbag.py:507} INFO - Filling up the DagBag from /opt/airflow/dags/user_processing.py
[2022-07-15 00:31:41,178] {processor.py:651} INFO - DAG(s) dict_keys(['user_processing']) retrieved from /opt/airflow/dags/user_processing.py
[2022-07-15 00:31:41,210] {logging_mixin.py:115} INFO - [2022-07-15 00:31:41,210] {dag.py:2371} INFO - Sync 1 DAGs
[2022-07-15 00:31:41,233] {logging_mixin.py:115} INFO - [2022-07-15 00:31:41,233] {dag.py:2919} INFO - Setting next_dagrun for user_processing to 2022-07-15T00:00:00+00:00, run_after=2022-07-16T00:00:00+00:00
[2022-07-15 00:31:41,244] {processor.py:161} INFO - Processing /opt/airflow/dags/user_processing.py took 0.398 seconds
[2022-07-15 00:32:11,458] {processor.py:153} INFO - Started process (PID=4216) to work on /opt/airflow/dags/user_processing.py
[2022-07-15 00:32:11,460] {processor.py:641} INFO - Processing file /opt/airflow/dags/user_processing.py for tasks to queue
[2022-07-15 00:32:11,462] {logging_mixin.py:115} INFO - [2022-07-15 00:32:11,462] {dagbag.py:507} INFO - Filling up the DagBag from /opt/airflow/dags/user_processing.py
[2022-07-15 00:32:11,781] {processor.py:651} INFO - DAG(s) dict_keys(['user_processing']) retrieved from /opt/airflow/dags/user_processing.py
[2022-07-15 00:32:11,810] {logging_mixin.py:115} INFO - [2022-07-15 00:32:11,809] {dag.py:2371} INFO - Sync 1 DAGs
[2022-07-15 00:32:11,824] {logging_mixin.py:115} INFO - [2022-07-15 00:32:11,824] {dag.py:2919} INFO - Setting next_dagrun for user_processing to 2022-07-15T00:00:00+00:00, run_after=2022-07-16T00:00:00+00:00
[2022-07-15 00:32:11,835] {processor.py:161} INFO - Processing /opt/airflow/dags/user_processing.py took 0.380 seconds
[2022-07-15 00:32:42,737] {processor.py:153} INFO - Started process (PID=4285) to work on /opt/airflow/dags/user_processing.py
[2022-07-15 00:32:42,739] {processor.py:641} INFO - Processing file /opt/airflow/dags/user_processing.py for tasks to queue
[2022-07-15 00:32:42,741] {logging_mixin.py:115} INFO - [2022-07-15 00:32:42,741] {dagbag.py:507} INFO - Filling up the DagBag from /opt/airflow/dags/user_processing.py
[2022-07-15 00:32:42,980] {processor.py:651} INFO - DAG(s) dict_keys(['user_processing']) retrieved from /opt/airflow/dags/user_processing.py
[2022-07-15 00:32:43,004] {logging_mixin.py:115} INFO - [2022-07-15 00:32:43,003] {dag.py:2371} INFO - Sync 1 DAGs
[2022-07-15 00:32:43,019] {logging_mixin.py:115} INFO - [2022-07-15 00:32:43,019] {dag.py:2919} INFO - Setting next_dagrun for user_processing to 2022-07-15T00:00:00+00:00, run_after=2022-07-16T00:00:00+00:00
[2022-07-15 00:32:43,027] {processor.py:161} INFO - Processing /opt/airflow/dags/user_processing.py took 0.292 seconds
[2022-07-15 00:33:13,885] {processor.py:153} INFO - Started process (PID=4350) to work on /opt/airflow/dags/user_processing.py
[2022-07-15 00:33:13,887] {processor.py:641} INFO - Processing file /opt/airflow/dags/user_processing.py for tasks to queue
[2022-07-15 00:33:13,888] {logging_mixin.py:115} INFO - [2022-07-15 00:33:13,888] {dagbag.py:507} INFO - Filling up the DagBag from /opt/airflow/dags/user_processing.py
[2022-07-15 00:33:14,138] {processor.py:651} INFO - DAG(s) dict_keys(['user_processing']) retrieved from /opt/airflow/dags/user_processing.py
[2022-07-15 00:33:14,165] {logging_mixin.py:115} INFO - [2022-07-15 00:33:14,164] {dag.py:2371} INFO - Sync 1 DAGs
[2022-07-15 00:33:14,177] {logging_mixin.py:115} INFO - [2022-07-15 00:33:14,177] {dag.py:2919} INFO - Setting next_dagrun for user_processing to 2022-07-15T00:00:00+00:00, run_after=2022-07-16T00:00:00+00:00
[2022-07-15 00:33:14,186] {processor.py:161} INFO - Processing /opt/airflow/dags/user_processing.py took 0.304 seconds
[2022-07-15 00:33:44,964] {processor.py:153} INFO - Started process (PID=4416) to work on /opt/airflow/dags/user_processing.py
[2022-07-15 00:33:44,967] {processor.py:641} INFO - Processing file /opt/airflow/dags/user_processing.py for tasks to queue
[2022-07-15 00:33:44,971] {logging_mixin.py:115} INFO - [2022-07-15 00:33:44,971] {dagbag.py:507} INFO - Filling up the DagBag from /opt/airflow/dags/user_processing.py
[2022-07-15 00:33:45,246] {processor.py:651} INFO - DAG(s) dict_keys(['user_processing']) retrieved from /opt/airflow/dags/user_processing.py
[2022-07-15 00:33:45,274] {logging_mixin.py:115} INFO - [2022-07-15 00:33:45,274] {dag.py:2371} INFO - Sync 1 DAGs
[2022-07-15 00:33:45,289] {logging_mixin.py:115} INFO - [2022-07-15 00:33:45,289] {dag.py:2919} INFO - Setting next_dagrun for user_processing to 2022-07-15T00:00:00+00:00, run_after=2022-07-16T00:00:00+00:00
[2022-07-15 00:33:45,299] {processor.py:161} INFO - Processing /opt/airflow/dags/user_processing.py took 0.337 seconds
[2022-07-15 00:34:15,446] {processor.py:153} INFO - Started process (PID=4475) to work on /opt/airflow/dags/user_processing.py
[2022-07-15 00:34:15,449] {processor.py:641} INFO - Processing file /opt/airflow/dags/user_processing.py for tasks to queue
[2022-07-15 00:34:15,451] {logging_mixin.py:115} INFO - [2022-07-15 00:34:15,451] {dagbag.py:507} INFO - Filling up the DagBag from /opt/airflow/dags/user_processing.py
[2022-07-15 00:34:15,762] {processor.py:651} INFO - DAG(s) dict_keys(['user_processing']) retrieved from /opt/airflow/dags/user_processing.py
[2022-07-15 00:34:15,794] {logging_mixin.py:115} INFO - [2022-07-15 00:34:15,794] {dag.py:2371} INFO - Sync 1 DAGs
[2022-07-15 00:34:15,809] {logging_mixin.py:115} INFO - [2022-07-15 00:34:15,809] {dag.py:2919} INFO - Setting next_dagrun for user_processing to 2022-07-15T00:00:00+00:00, run_after=2022-07-16T00:00:00+00:00
[2022-07-15 00:34:15,819] {processor.py:161} INFO - Processing /opt/airflow/dags/user_processing.py took 0.377 seconds
[2022-07-15 00:34:45,962] {processor.py:153} INFO - Started process (PID=4543) to work on /opt/airflow/dags/user_processing.py
[2022-07-15 00:34:45,964] {processor.py:641} INFO - Processing file /opt/airflow/dags/user_processing.py for tasks to queue
[2022-07-15 00:34:45,966] {logging_mixin.py:115} INFO - [2022-07-15 00:34:45,966] {dagbag.py:507} INFO - Filling up the DagBag from /opt/airflow/dags/user_processing.py
[2022-07-15 00:34:46,356] {processor.py:651} INFO - DAG(s) dict_keys(['user_processing']) retrieved from /opt/airflow/dags/user_processing.py
[2022-07-15 00:34:46,386] {logging_mixin.py:115} INFO - [2022-07-15 00:34:46,385] {dag.py:2371} INFO - Sync 1 DAGs
[2022-07-15 00:34:46,400] {logging_mixin.py:115} INFO - [2022-07-15 00:34:46,400] {dag.py:2919} INFO - Setting next_dagrun for user_processing to 2022-07-15T00:00:00+00:00, run_after=2022-07-16T00:00:00+00:00
[2022-07-15 00:34:46,412] {processor.py:161} INFO - Processing /opt/airflow/dags/user_processing.py took 0.455 seconds
[2022-07-15 00:35:16,636] {processor.py:153} INFO - Started process (PID=4606) to work on /opt/airflow/dags/user_processing.py
[2022-07-15 00:35:16,643] {processor.py:641} INFO - Processing file /opt/airflow/dags/user_processing.py for tasks to queue
[2022-07-15 00:35:16,663] {logging_mixin.py:115} INFO - [2022-07-15 00:35:16,663] {dagbag.py:507} INFO - Filling up the DagBag from /opt/airflow/dags/user_processing.py
[2022-07-15 00:35:17,034] {processor.py:651} INFO - DAG(s) dict_keys(['user_processing']) retrieved from /opt/airflow/dags/user_processing.py
[2022-07-15 00:35:17,066] {logging_mixin.py:115} INFO - [2022-07-15 00:35:17,065] {dag.py:2371} INFO - Sync 1 DAGs
[2022-07-15 00:35:17,082] {logging_mixin.py:115} INFO - [2022-07-15 00:35:17,082] {dag.py:2919} INFO - Setting next_dagrun for user_processing to 2022-07-15T00:00:00+00:00, run_after=2022-07-16T00:00:00+00:00
[2022-07-15 00:35:17,092] {processor.py:161} INFO - Processing /opt/airflow/dags/user_processing.py took 0.460 seconds
[2022-07-15 00:35:47,284] {processor.py:153} INFO - Started process (PID=4677) to work on /opt/airflow/dags/user_processing.py
[2022-07-15 00:35:47,286] {processor.py:641} INFO - Processing file /opt/airflow/dags/user_processing.py for tasks to queue
[2022-07-15 00:35:47,287] {logging_mixin.py:115} INFO - [2022-07-15 00:35:47,287] {dagbag.py:507} INFO - Filling up the DagBag from /opt/airflow/dags/user_processing.py
[2022-07-15 00:35:47,554] {processor.py:651} INFO - DAG(s) dict_keys(['user_processing']) retrieved from /opt/airflow/dags/user_processing.py
[2022-07-15 00:35:47,583] {logging_mixin.py:115} INFO - [2022-07-15 00:35:47,582] {dag.py:2371} INFO - Sync 1 DAGs
[2022-07-15 00:35:47,597] {logging_mixin.py:115} INFO - [2022-07-15 00:35:47,597] {dag.py:2919} INFO - Setting next_dagrun for user_processing to 2022-07-15T00:00:00+00:00, run_after=2022-07-16T00:00:00+00:00
[2022-07-15 00:35:47,606] {processor.py:161} INFO - Processing /opt/airflow/dags/user_processing.py took 0.324 seconds
[2022-07-15 00:36:18,245] {processor.py:153} INFO - Started process (PID=4740) to work on /opt/airflow/dags/user_processing.py
[2022-07-15 00:36:18,247] {processor.py:641} INFO - Processing file /opt/airflow/dags/user_processing.py for tasks to queue
[2022-07-15 00:36:18,249] {logging_mixin.py:115} INFO - [2022-07-15 00:36:18,248] {dagbag.py:507} INFO - Filling up the DagBag from /opt/airflow/dags/user_processing.py
[2022-07-15 00:36:18,656] {processor.py:651} INFO - DAG(s) dict_keys(['user_processing']) retrieved from /opt/airflow/dags/user_processing.py
[2022-07-15 00:36:18,708] {logging_mixin.py:115} INFO - [2022-07-15 00:36:18,707] {dag.py:2371} INFO - Sync 1 DAGs
[2022-07-15 00:36:18,732] {logging_mixin.py:115} INFO - [2022-07-15 00:36:18,732] {dag.py:2919} INFO - Setting next_dagrun for user_processing to 2022-07-15T00:00:00+00:00, run_after=2022-07-16T00:00:00+00:00
[2022-07-15 00:36:18,760] {processor.py:161} INFO - Processing /opt/airflow/dags/user_processing.py took 0.518 seconds
[2022-07-15 00:36:48,998] {processor.py:153} INFO - Started process (PID=4799) to work on /opt/airflow/dags/user_processing.py
[2022-07-15 00:36:49,001] {processor.py:641} INFO - Processing file /opt/airflow/dags/user_processing.py for tasks to queue
[2022-07-15 00:36:49,003] {logging_mixin.py:115} INFO - [2022-07-15 00:36:49,003] {dagbag.py:507} INFO - Filling up the DagBag from /opt/airflow/dags/user_processing.py
[2022-07-15 00:36:49,530] {processor.py:651} INFO - DAG(s) dict_keys(['user_processing']) retrieved from /opt/airflow/dags/user_processing.py
[2022-07-15 00:36:49,566] {logging_mixin.py:115} INFO - [2022-07-15 00:36:49,565] {dag.py:2371} INFO - Sync 1 DAGs
[2022-07-15 00:36:49,586] {logging_mixin.py:115} INFO - [2022-07-15 00:36:49,586] {dag.py:2919} INFO - Setting next_dagrun for user_processing to 2022-07-15T00:00:00+00:00, run_after=2022-07-16T00:00:00+00:00
[2022-07-15 00:36:49,596] {processor.py:161} INFO - Processing /opt/airflow/dags/user_processing.py took 0.605 seconds
[2022-07-15 00:37:19,699] {processor.py:153} INFO - Started process (PID=4866) to work on /opt/airflow/dags/user_processing.py
[2022-07-15 00:37:19,702] {processor.py:641} INFO - Processing file /opt/airflow/dags/user_processing.py for tasks to queue
[2022-07-15 00:37:19,703] {logging_mixin.py:115} INFO - [2022-07-15 00:37:19,703] {dagbag.py:507} INFO - Filling up the DagBag from /opt/airflow/dags/user_processing.py
[2022-07-15 00:37:20,193] {processor.py:651} INFO - DAG(s) dict_keys(['user_processing']) retrieved from /opt/airflow/dags/user_processing.py
[2022-07-15 00:37:20,221] {logging_mixin.py:115} INFO - [2022-07-15 00:37:20,221] {dag.py:2371} INFO - Sync 1 DAGs
[2022-07-15 00:37:20,238] {logging_mixin.py:115} INFO - [2022-07-15 00:37:20,238] {dag.py:2919} INFO - Setting next_dagrun for user_processing to 2022-07-15T00:00:00+00:00, run_after=2022-07-16T00:00:00+00:00
[2022-07-15 00:37:20,246] {processor.py:161} INFO - Processing /opt/airflow/dags/user_processing.py took 0.551 seconds
[2022-07-15 00:37:50,524] {processor.py:153} INFO - Started process (PID=4936) to work on /opt/airflow/dags/user_processing.py
[2022-07-15 00:37:50,527] {processor.py:641} INFO - Processing file /opt/airflow/dags/user_processing.py for tasks to queue
[2022-07-15 00:37:50,529] {logging_mixin.py:115} INFO - [2022-07-15 00:37:50,529] {dagbag.py:507} INFO - Filling up the DagBag from /opt/airflow/dags/user_processing.py
[2022-07-15 00:37:50,984] {processor.py:651} INFO - DAG(s) dict_keys(['user_processing']) retrieved from /opt/airflow/dags/user_processing.py
[2022-07-15 00:37:51,014] {logging_mixin.py:115} INFO - [2022-07-15 00:37:51,014] {dag.py:2371} INFO - Sync 1 DAGs
[2022-07-15 00:37:51,031] {logging_mixin.py:115} INFO - [2022-07-15 00:37:51,031] {dag.py:2919} INFO - Setting next_dagrun for user_processing to 2022-07-15T00:00:00+00:00, run_after=2022-07-16T00:00:00+00:00
[2022-07-15 00:37:51,041] {processor.py:161} INFO - Processing /opt/airflow/dags/user_processing.py took 0.523 seconds
[2022-07-15 00:38:21,422] {processor.py:153} INFO - Started process (PID=5001) to work on /opt/airflow/dags/user_processing.py
[2022-07-15 00:38:21,425] {processor.py:641} INFO - Processing file /opt/airflow/dags/user_processing.py for tasks to queue
[2022-07-15 00:38:21,427] {logging_mixin.py:115} INFO - [2022-07-15 00:38:21,427] {dagbag.py:507} INFO - Filling up the DagBag from /opt/airflow/dags/user_processing.py
[2022-07-15 00:38:21,691] {processor.py:651} INFO - DAG(s) dict_keys(['user_processing']) retrieved from /opt/airflow/dags/user_processing.py
[2022-07-15 00:38:21,719] {logging_mixin.py:115} INFO - [2022-07-15 00:38:21,719] {dag.py:2371} INFO - Sync 1 DAGs
[2022-07-15 00:38:21,732] {logging_mixin.py:115} INFO - [2022-07-15 00:38:21,732] {dag.py:2919} INFO - Setting next_dagrun for user_processing to 2022-07-15T00:00:00+00:00, run_after=2022-07-16T00:00:00+00:00
[2022-07-15 00:38:21,742] {processor.py:161} INFO - Processing /opt/airflow/dags/user_processing.py took 0.323 seconds
[2022-07-15 00:38:51,879] {processor.py:153} INFO - Started process (PID=5058) to work on /opt/airflow/dags/user_processing.py
[2022-07-15 00:38:51,880] {processor.py:641} INFO - Processing file /opt/airflow/dags/user_processing.py for tasks to queue
[2022-07-15 00:38:51,882] {logging_mixin.py:115} INFO - [2022-07-15 00:38:51,882] {dagbag.py:507} INFO - Filling up the DagBag from /opt/airflow/dags/user_processing.py
[2022-07-15 00:38:52,138] {processor.py:651} INFO - DAG(s) dict_keys(['user_processing']) retrieved from /opt/airflow/dags/user_processing.py
[2022-07-15 00:38:52,163] {logging_mixin.py:115} INFO - [2022-07-15 00:38:52,163] {dag.py:2371} INFO - Sync 1 DAGs
[2022-07-15 00:38:52,176] {logging_mixin.py:115} INFO - [2022-07-15 00:38:52,176] {dag.py:2919} INFO - Setting next_dagrun for user_processing to 2022-07-15T00:00:00+00:00, run_after=2022-07-16T00:00:00+00:00
[2022-07-15 00:38:52,185] {processor.py:161} INFO - Processing /opt/airflow/dags/user_processing.py took 0.308 seconds
[2022-07-15 00:39:22,824] {processor.py:153} INFO - Started process (PID=5125) to work on /opt/airflow/dags/user_processing.py
[2022-07-15 00:39:22,826] {processor.py:641} INFO - Processing file /opt/airflow/dags/user_processing.py for tasks to queue
[2022-07-15 00:39:22,828] {logging_mixin.py:115} INFO - [2022-07-15 00:39:22,828] {dagbag.py:507} INFO - Filling up the DagBag from /opt/airflow/dags/user_processing.py
[2022-07-15 00:39:23,059] {processor.py:651} INFO - DAG(s) dict_keys(['user_processing']) retrieved from /opt/airflow/dags/user_processing.py
[2022-07-15 00:39:23,083] {logging_mixin.py:115} INFO - [2022-07-15 00:39:23,083] {dag.py:2371} INFO - Sync 1 DAGs
[2022-07-15 00:39:23,096] {logging_mixin.py:115} INFO - [2022-07-15 00:39:23,095] {dag.py:2919} INFO - Setting next_dagrun for user_processing to 2022-07-15T00:00:00+00:00, run_after=2022-07-16T00:00:00+00:00
[2022-07-15 00:39:23,104] {processor.py:161} INFO - Processing /opt/airflow/dags/user_processing.py took 0.283 seconds
[2022-07-15 00:39:53,392] {processor.py:153} INFO - Started process (PID=5191) to work on /opt/airflow/dags/user_processing.py
[2022-07-15 00:39:53,395] {processor.py:641} INFO - Processing file /opt/airflow/dags/user_processing.py for tasks to queue
[2022-07-15 00:39:53,397] {logging_mixin.py:115} INFO - [2022-07-15 00:39:53,397] {dagbag.py:507} INFO - Filling up the DagBag from /opt/airflow/dags/user_processing.py
[2022-07-15 00:39:53,741] {processor.py:651} INFO - DAG(s) dict_keys(['user_processing']) retrieved from /opt/airflow/dags/user_processing.py
[2022-07-15 00:39:53,811] {logging_mixin.py:115} INFO - [2022-07-15 00:39:53,810] {dag.py:2371} INFO - Sync 1 DAGs
[2022-07-15 00:39:53,827] {logging_mixin.py:115} INFO - [2022-07-15 00:39:53,827] {dag.py:2919} INFO - Setting next_dagrun for user_processing to 2022-07-15T00:00:00+00:00, run_after=2022-07-16T00:00:00+00:00
[2022-07-15 00:39:53,837] {processor.py:161} INFO - Processing /opt/airflow/dags/user_processing.py took 0.448 seconds
[2022-07-15 00:40:23,982] {processor.py:153} INFO - Started process (PID=5259) to work on /opt/airflow/dags/user_processing.py
[2022-07-15 00:40:23,985] {processor.py:641} INFO - Processing file /opt/airflow/dags/user_processing.py for tasks to queue
[2022-07-15 00:40:23,986] {logging_mixin.py:115} INFO - [2022-07-15 00:40:23,986] {dagbag.py:507} INFO - Filling up the DagBag from /opt/airflow/dags/user_processing.py
[2022-07-15 00:40:24,241] {processor.py:651} INFO - DAG(s) dict_keys(['user_processing']) retrieved from /opt/airflow/dags/user_processing.py
[2022-07-15 00:40:24,269] {logging_mixin.py:115} INFO - [2022-07-15 00:40:24,269] {dag.py:2371} INFO - Sync 1 DAGs
[2022-07-15 00:40:24,283] {logging_mixin.py:115} INFO - [2022-07-15 00:40:24,283] {dag.py:2919} INFO - Setting next_dagrun for user_processing to 2022-07-15T00:00:00+00:00, run_after=2022-07-16T00:00:00+00:00
[2022-07-15 00:40:24,292] {processor.py:161} INFO - Processing /opt/airflow/dags/user_processing.py took 0.313 seconds
[2022-07-15 00:40:55,027] {processor.py:153} INFO - Started process (PID=5328) to work on /opt/airflow/dags/user_processing.py
[2022-07-15 00:40:55,029] {processor.py:641} INFO - Processing file /opt/airflow/dags/user_processing.py for tasks to queue
[2022-07-15 00:40:55,030] {logging_mixin.py:115} INFO - [2022-07-15 00:40:55,030] {dagbag.py:507} INFO - Filling up the DagBag from /opt/airflow/dags/user_processing.py
[2022-07-15 00:40:55,282] {processor.py:651} INFO - DAG(s) dict_keys(['user_processing']) retrieved from /opt/airflow/dags/user_processing.py
[2022-07-15 00:40:55,308] {logging_mixin.py:115} INFO - [2022-07-15 00:40:55,308] {dag.py:2371} INFO - Sync 1 DAGs
[2022-07-15 00:40:55,323] {logging_mixin.py:115} INFO - [2022-07-15 00:40:55,323] {dag.py:2919} INFO - Setting next_dagrun for user_processing to 2022-07-15T00:00:00+00:00, run_after=2022-07-16T00:00:00+00:00
[2022-07-15 00:40:55,331] {processor.py:161} INFO - Processing /opt/airflow/dags/user_processing.py took 0.308 seconds
[2022-07-15 00:41:25,658] {processor.py:153} INFO - Started process (PID=5397) to work on /opt/airflow/dags/user_processing.py
[2022-07-15 00:41:25,662] {processor.py:641} INFO - Processing file /opt/airflow/dags/user_processing.py for tasks to queue
[2022-07-15 00:41:25,663] {logging_mixin.py:115} INFO - [2022-07-15 00:41:25,663] {dagbag.py:507} INFO - Filling up the DagBag from /opt/airflow/dags/user_processing.py
[2022-07-15 00:41:25,993] {processor.py:651} INFO - DAG(s) dict_keys(['user_processing']) retrieved from /opt/airflow/dags/user_processing.py
[2022-07-15 00:41:26,085] {logging_mixin.py:115} INFO - [2022-07-15 00:41:26,085] {dag.py:2371} INFO - Sync 1 DAGs
[2022-07-15 00:41:26,113] {logging_mixin.py:115} INFO - [2022-07-15 00:41:26,113] {dag.py:2919} INFO - Setting next_dagrun for user_processing to 2022-07-15T00:00:00+00:00, run_after=2022-07-16T00:00:00+00:00
[2022-07-15 00:41:26,127] {processor.py:161} INFO - Processing /opt/airflow/dags/user_processing.py took 0.472 seconds
[2022-07-15 00:41:56,373] {processor.py:153} INFO - Started process (PID=5453) to work on /opt/airflow/dags/user_processing.py
[2022-07-15 00:41:56,375] {processor.py:641} INFO - Processing file /opt/airflow/dags/user_processing.py for tasks to queue
[2022-07-15 00:41:56,377] {logging_mixin.py:115} INFO - [2022-07-15 00:41:56,377] {dagbag.py:507} INFO - Filling up the DagBag from /opt/airflow/dags/user_processing.py
[2022-07-15 00:41:56,652] {processor.py:651} INFO - DAG(s) dict_keys(['user_processing']) retrieved from /opt/airflow/dags/user_processing.py
[2022-07-15 00:41:56,682] {logging_mixin.py:115} INFO - [2022-07-15 00:41:56,682] {dag.py:2371} INFO - Sync 1 DAGs
[2022-07-15 00:41:56,697] {logging_mixin.py:115} INFO - [2022-07-15 00:41:56,697] {dag.py:2919} INFO - Setting next_dagrun for user_processing to 2022-07-15T00:00:00+00:00, run_after=2022-07-16T00:00:00+00:00
[2022-07-15 00:41:56,705] {processor.py:161} INFO - Processing /opt/airflow/dags/user_processing.py took 0.335 seconds
[2022-07-15 00:42:26,977] {processor.py:153} INFO - Started process (PID=5518) to work on /opt/airflow/dags/user_processing.py
[2022-07-15 00:42:26,979] {processor.py:641} INFO - Processing file /opt/airflow/dags/user_processing.py for tasks to queue
[2022-07-15 00:42:26,980] {logging_mixin.py:115} INFO - [2022-07-15 00:42:26,980] {dagbag.py:507} INFO - Filling up the DagBag from /opt/airflow/dags/user_processing.py
[2022-07-15 00:42:27,276] {processor.py:651} INFO - DAG(s) dict_keys(['user_processing']) retrieved from /opt/airflow/dags/user_processing.py
[2022-07-15 00:42:27,303] {logging_mixin.py:115} INFO - [2022-07-15 00:42:27,302] {dag.py:2371} INFO - Sync 1 DAGs
[2022-07-15 00:42:27,317] {logging_mixin.py:115} INFO - [2022-07-15 00:42:27,317] {dag.py:2919} INFO - Setting next_dagrun for user_processing to 2022-07-15T00:00:00+00:00, run_after=2022-07-16T00:00:00+00:00
[2022-07-15 00:42:27,328] {processor.py:161} INFO - Processing /opt/airflow/dags/user_processing.py took 0.356 seconds
[2022-07-15 00:42:57,540] {processor.py:153} INFO - Started process (PID=5585) to work on /opt/airflow/dags/user_processing.py
[2022-07-15 00:42:57,545] {processor.py:641} INFO - Processing file /opt/airflow/dags/user_processing.py for tasks to queue
[2022-07-15 00:42:57,546] {logging_mixin.py:115} INFO - [2022-07-15 00:42:57,546] {dagbag.py:507} INFO - Filling up the DagBag from /opt/airflow/dags/user_processing.py
[2022-07-15 00:42:57,817] {processor.py:651} INFO - DAG(s) dict_keys(['user_processing']) retrieved from /opt/airflow/dags/user_processing.py
[2022-07-15 00:42:57,852] {logging_mixin.py:115} INFO - [2022-07-15 00:42:57,852] {dag.py:2371} INFO - Sync 1 DAGs
[2022-07-15 00:42:57,868] {logging_mixin.py:115} INFO - [2022-07-15 00:42:57,867] {dag.py:2919} INFO - Setting next_dagrun for user_processing to 2022-07-15T00:00:00+00:00, run_after=2022-07-16T00:00:00+00:00
[2022-07-15 00:42:57,878] {processor.py:161} INFO - Processing /opt/airflow/dags/user_processing.py took 0.341 seconds
[2022-07-15 00:43:28,264] {processor.py:153} INFO - Started process (PID=5653) to work on /opt/airflow/dags/user_processing.py
[2022-07-15 00:43:28,266] {processor.py:641} INFO - Processing file /opt/airflow/dags/user_processing.py for tasks to queue
[2022-07-15 00:43:28,268] {logging_mixin.py:115} INFO - [2022-07-15 00:43:28,268] {dagbag.py:507} INFO - Filling up the DagBag from /opt/airflow/dags/user_processing.py
[2022-07-15 00:43:28,571] {processor.py:651} INFO - DAG(s) dict_keys(['user_processing']) retrieved from /opt/airflow/dags/user_processing.py
[2022-07-15 00:43:28,609] {logging_mixin.py:115} INFO - [2022-07-15 00:43:28,609] {dag.py:2371} INFO - Sync 1 DAGs
[2022-07-15 00:43:28,623] {logging_mixin.py:115} INFO - [2022-07-15 00:43:28,623] {dag.py:2919} INFO - Setting next_dagrun for user_processing to 2022-07-15T00:00:00+00:00, run_after=2022-07-16T00:00:00+00:00
[2022-07-15 00:43:28,633] {processor.py:161} INFO - Processing /opt/airflow/dags/user_processing.py took 0.372 seconds
[2022-07-15 00:43:59,029] {processor.py:153} INFO - Started process (PID=5723) to work on /opt/airflow/dags/user_processing.py
[2022-07-15 00:43:59,032] {processor.py:641} INFO - Processing file /opt/airflow/dags/user_processing.py for tasks to queue
[2022-07-15 00:43:59,034] {logging_mixin.py:115} INFO - [2022-07-15 00:43:59,034] {dagbag.py:507} INFO - Filling up the DagBag from /opt/airflow/dags/user_processing.py
[2022-07-15 00:43:59,293] {processor.py:651} INFO - DAG(s) dict_keys(['user_processing']) retrieved from /opt/airflow/dags/user_processing.py
[2022-07-15 00:43:59,318] {logging_mixin.py:115} INFO - [2022-07-15 00:43:59,318] {dag.py:2371} INFO - Sync 1 DAGs
[2022-07-15 00:43:59,334] {logging_mixin.py:115} INFO - [2022-07-15 00:43:59,333] {dag.py:2919} INFO - Setting next_dagrun for user_processing to 2022-07-15T00:00:00+00:00, run_after=2022-07-16T00:00:00+00:00
[2022-07-15 00:43:59,344] {processor.py:161} INFO - Processing /opt/airflow/dags/user_processing.py took 0.320 seconds
[2022-07-15 00:44:29,721] {processor.py:153} INFO - Started process (PID=5779) to work on /opt/airflow/dags/user_processing.py
[2022-07-15 00:44:29,724] {processor.py:641} INFO - Processing file /opt/airflow/dags/user_processing.py for tasks to queue
[2022-07-15 00:44:29,726] {logging_mixin.py:115} INFO - [2022-07-15 00:44:29,726] {dagbag.py:507} INFO - Filling up the DagBag from /opt/airflow/dags/user_processing.py
[2022-07-15 00:44:30,008] {processor.py:651} INFO - DAG(s) dict_keys(['user_processing']) retrieved from /opt/airflow/dags/user_processing.py
[2022-07-15 00:44:30,034] {logging_mixin.py:115} INFO - [2022-07-15 00:44:30,034] {dag.py:2371} INFO - Sync 1 DAGs
[2022-07-15 00:44:30,050] {logging_mixin.py:115} INFO - [2022-07-15 00:44:30,050] {dag.py:2919} INFO - Setting next_dagrun for user_processing to 2022-07-15T00:00:00+00:00, run_after=2022-07-16T00:00:00+00:00
[2022-07-15 00:44:30,059] {processor.py:161} INFO - Processing /opt/airflow/dags/user_processing.py took 0.340 seconds
[2022-07-15 00:45:00,577] {processor.py:153} INFO - Started process (PID=5848) to work on /opt/airflow/dags/user_processing.py
[2022-07-15 00:45:00,580] {processor.py:641} INFO - Processing file /opt/airflow/dags/user_processing.py for tasks to queue
[2022-07-15 00:45:00,582] {logging_mixin.py:115} INFO - [2022-07-15 00:45:00,582] {dagbag.py:507} INFO - Filling up the DagBag from /opt/airflow/dags/user_processing.py
[2022-07-15 00:45:00,885] {processor.py:651} INFO - DAG(s) dict_keys(['user_processing']) retrieved from /opt/airflow/dags/user_processing.py
[2022-07-15 00:45:00,920] {logging_mixin.py:115} INFO - [2022-07-15 00:45:00,919] {dag.py:2371} INFO - Sync 1 DAGs
[2022-07-15 00:45:00,939] {logging_mixin.py:115} INFO - [2022-07-15 00:45:00,939] {dag.py:2919} INFO - Setting next_dagrun for user_processing to 2022-07-15T00:00:00+00:00, run_after=2022-07-16T00:00:00+00:00
[2022-07-15 00:45:00,951] {processor.py:161} INFO - Processing /opt/airflow/dags/user_processing.py took 0.376 seconds
[2022-07-15 00:45:31,462] {processor.py:153} INFO - Started process (PID=5915) to work on /opt/airflow/dags/user_processing.py
[2022-07-15 00:45:31,465] {processor.py:641} INFO - Processing file /opt/airflow/dags/user_processing.py for tasks to queue
[2022-07-15 00:45:31,468] {logging_mixin.py:115} INFO - [2022-07-15 00:45:31,468] {dagbag.py:507} INFO - Filling up the DagBag from /opt/airflow/dags/user_processing.py
[2022-07-15 00:45:31,763] {processor.py:651} INFO - DAG(s) dict_keys(['user_processing']) retrieved from /opt/airflow/dags/user_processing.py
[2022-07-15 00:45:31,788] {logging_mixin.py:115} INFO - [2022-07-15 00:45:31,788] {dag.py:2371} INFO - Sync 1 DAGs
[2022-07-15 00:45:31,804] {logging_mixin.py:115} INFO - [2022-07-15 00:45:31,804] {dag.py:2919} INFO - Setting next_dagrun for user_processing to 2022-07-15T00:00:00+00:00, run_after=2022-07-16T00:00:00+00:00
[2022-07-15 00:45:31,813] {processor.py:161} INFO - Processing /opt/airflow/dags/user_processing.py took 0.356 seconds
[2022-07-15 00:46:02,412] {processor.py:153} INFO - Started process (PID=5983) to work on /opt/airflow/dags/user_processing.py
[2022-07-15 00:46:02,414] {processor.py:641} INFO - Processing file /opt/airflow/dags/user_processing.py for tasks to queue
[2022-07-15 00:46:02,416] {logging_mixin.py:115} INFO - [2022-07-15 00:46:02,416] {dagbag.py:507} INFO - Filling up the DagBag from /opt/airflow/dags/user_processing.py
[2022-07-15 00:46:02,671] {processor.py:651} INFO - DAG(s) dict_keys(['user_processing']) retrieved from /opt/airflow/dags/user_processing.py
[2022-07-15 00:46:02,697] {logging_mixin.py:115} INFO - [2022-07-15 00:46:02,697] {dag.py:2371} INFO - Sync 1 DAGs
[2022-07-15 00:46:02,710] {logging_mixin.py:115} INFO - [2022-07-15 00:46:02,710] {dag.py:2919} INFO - Setting next_dagrun for user_processing to 2022-07-15T00:00:00+00:00, run_after=2022-07-16T00:00:00+00:00
[2022-07-15 00:46:02,720] {processor.py:161} INFO - Processing /opt/airflow/dags/user_processing.py took 0.311 seconds
[2022-07-15 00:46:32,860] {processor.py:153} INFO - Started process (PID=6053) to work on /opt/airflow/dags/user_processing.py
[2022-07-15 00:46:32,862] {processor.py:641} INFO - Processing file /opt/airflow/dags/user_processing.py for tasks to queue
[2022-07-15 00:46:32,863] {logging_mixin.py:115} INFO - [2022-07-15 00:46:32,863] {dagbag.py:507} INFO - Filling up the DagBag from /opt/airflow/dags/user_processing.py
[2022-07-15 00:46:33,132] {processor.py:651} INFO - DAG(s) dict_keys(['user_processing']) retrieved from /opt/airflow/dags/user_processing.py
[2022-07-15 00:46:33,157] {logging_mixin.py:115} INFO - [2022-07-15 00:46:33,157] {dag.py:2371} INFO - Sync 1 DAGs
[2022-07-15 00:46:33,172] {logging_mixin.py:115} INFO - [2022-07-15 00:46:33,172] {dag.py:2919} INFO - Setting next_dagrun for user_processing to 2022-07-15T00:00:00+00:00, run_after=2022-07-16T00:00:00+00:00
[2022-07-15 00:46:33,179] {processor.py:161} INFO - Processing /opt/airflow/dags/user_processing.py took 0.322 seconds
[2022-07-15 00:47:03,551] {processor.py:153} INFO - Started process (PID=6120) to work on /opt/airflow/dags/user_processing.py
[2022-07-15 00:47:03,554] {processor.py:641} INFO - Processing file /opt/airflow/dags/user_processing.py for tasks to queue
[2022-07-15 00:47:03,556] {logging_mixin.py:115} INFO - [2022-07-15 00:47:03,555] {dagbag.py:507} INFO - Filling up the DagBag from /opt/airflow/dags/user_processing.py
[2022-07-15 00:47:03,859] {processor.py:651} INFO - DAG(s) dict_keys(['user_processing']) retrieved from /opt/airflow/dags/user_processing.py
[2022-07-15 00:47:03,885] {logging_mixin.py:115} INFO - [2022-07-15 00:47:03,884] {dag.py:2371} INFO - Sync 1 DAGs
[2022-07-15 00:47:03,899] {logging_mixin.py:115} INFO - [2022-07-15 00:47:03,899] {dag.py:2919} INFO - Setting next_dagrun for user_processing to 2022-07-15T00:00:00+00:00, run_after=2022-07-16T00:00:00+00:00
[2022-07-15 00:47:03,909] {processor.py:161} INFO - Processing /opt/airflow/dags/user_processing.py took 0.363 seconds
[2022-07-15 00:47:34,531] {processor.py:153} INFO - Started process (PID=6175) to work on /opt/airflow/dags/user_processing.py
[2022-07-15 00:47:34,534] {processor.py:641} INFO - Processing file /opt/airflow/dags/user_processing.py for tasks to queue
[2022-07-15 00:47:34,535] {logging_mixin.py:115} INFO - [2022-07-15 00:47:34,535] {dagbag.py:507} INFO - Filling up the DagBag from /opt/airflow/dags/user_processing.py
[2022-07-15 00:47:34,823] {processor.py:651} INFO - DAG(s) dict_keys(['user_processing']) retrieved from /opt/airflow/dags/user_processing.py
[2022-07-15 00:47:34,850] {logging_mixin.py:115} INFO - [2022-07-15 00:47:34,850] {dag.py:2371} INFO - Sync 1 DAGs
[2022-07-15 00:47:34,866] {logging_mixin.py:115} INFO - [2022-07-15 00:47:34,865] {dag.py:2919} INFO - Setting next_dagrun for user_processing to 2022-07-15T00:00:00+00:00, run_after=2022-07-16T00:00:00+00:00
[2022-07-15 00:47:34,874] {processor.py:161} INFO - Processing /opt/airflow/dags/user_processing.py took 0.346 seconds
[2022-07-15 00:48:05,524] {processor.py:153} INFO - Started process (PID=6242) to work on /opt/airflow/dags/user_processing.py
[2022-07-15 00:48:05,527] {processor.py:641} INFO - Processing file /opt/airflow/dags/user_processing.py for tasks to queue
[2022-07-15 00:48:05,528] {logging_mixin.py:115} INFO - [2022-07-15 00:48:05,528] {dagbag.py:507} INFO - Filling up the DagBag from /opt/airflow/dags/user_processing.py
[2022-07-15 00:48:05,822] {processor.py:651} INFO - DAG(s) dict_keys(['user_processing']) retrieved from /opt/airflow/dags/user_processing.py
[2022-07-15 00:48:05,854] {logging_mixin.py:115} INFO - [2022-07-15 00:48:05,853] {dag.py:2371} INFO - Sync 1 DAGs
[2022-07-15 00:48:05,869] {logging_mixin.py:115} INFO - [2022-07-15 00:48:05,869] {dag.py:2919} INFO - Setting next_dagrun for user_processing to 2022-07-15T00:00:00+00:00, run_after=2022-07-16T00:00:00+00:00
[2022-07-15 00:48:05,878] {processor.py:161} INFO - Processing /opt/airflow/dags/user_processing.py took 0.356 seconds
[2022-07-15 00:48:36,519] {processor.py:153} INFO - Started process (PID=6307) to work on /opt/airflow/dags/user_processing.py
[2022-07-15 00:48:36,522] {processor.py:641} INFO - Processing file /opt/airflow/dags/user_processing.py for tasks to queue
[2022-07-15 00:48:36,523] {logging_mixin.py:115} INFO - [2022-07-15 00:48:36,523] {dagbag.py:507} INFO - Filling up the DagBag from /opt/airflow/dags/user_processing.py
[2022-07-15 00:48:36,817] {processor.py:651} INFO - DAG(s) dict_keys(['user_processing']) retrieved from /opt/airflow/dags/user_processing.py
[2022-07-15 00:48:36,840] {logging_mixin.py:115} INFO - [2022-07-15 00:48:36,840] {dag.py:2371} INFO - Sync 1 DAGs
[2022-07-15 00:48:36,855] {logging_mixin.py:115} INFO - [2022-07-15 00:48:36,855] {dag.py:2919} INFO - Setting next_dagrun for user_processing to 2022-07-15T00:00:00+00:00, run_after=2022-07-16T00:00:00+00:00
[2022-07-15 00:48:36,863] {processor.py:161} INFO - Processing /opt/airflow/dags/user_processing.py took 0.346 seconds
[2022-07-15 00:49:07,705] {processor.py:153} INFO - Started process (PID=6376) to work on /opt/airflow/dags/user_processing.py
[2022-07-15 00:49:07,718] {processor.py:641} INFO - Processing file /opt/airflow/dags/user_processing.py for tasks to queue
[2022-07-15 00:49:07,722] {logging_mixin.py:115} INFO - [2022-07-15 00:49:07,722] {dagbag.py:507} INFO - Filling up the DagBag from /opt/airflow/dags/user_processing.py
[2022-07-15 00:49:08,027] {processor.py:651} INFO - DAG(s) dict_keys(['user_processing']) retrieved from /opt/airflow/dags/user_processing.py
[2022-07-15 00:49:08,059] {logging_mixin.py:115} INFO - [2022-07-15 00:49:08,059] {dag.py:2371} INFO - Sync 1 DAGs
[2022-07-15 00:49:08,075] {logging_mixin.py:115} INFO - [2022-07-15 00:49:08,074] {dag.py:2919} INFO - Setting next_dagrun for user_processing to 2022-07-15T00:00:00+00:00, run_after=2022-07-16T00:00:00+00:00
[2022-07-15 00:49:08,085] {processor.py:161} INFO - Processing /opt/airflow/dags/user_processing.py took 0.384 seconds
[2022-07-15 00:49:38,202] {processor.py:153} INFO - Started process (PID=6443) to work on /opt/airflow/dags/user_processing.py
[2022-07-15 00:49:38,205] {processor.py:641} INFO - Processing file /opt/airflow/dags/user_processing.py for tasks to queue
[2022-07-15 00:49:38,207] {logging_mixin.py:115} INFO - [2022-07-15 00:49:38,207] {dagbag.py:507} INFO - Filling up the DagBag from /opt/airflow/dags/user_processing.py
[2022-07-15 00:49:38,479] {processor.py:651} INFO - DAG(s) dict_keys(['user_processing']) retrieved from /opt/airflow/dags/user_processing.py
[2022-07-15 00:49:38,506] {logging_mixin.py:115} INFO - [2022-07-15 00:49:38,505] {dag.py:2371} INFO - Sync 1 DAGs
[2022-07-15 00:49:38,521] {logging_mixin.py:115} INFO - [2022-07-15 00:49:38,520] {dag.py:2919} INFO - Setting next_dagrun for user_processing to 2022-07-15T00:00:00+00:00, run_after=2022-07-16T00:00:00+00:00
[2022-07-15 00:49:38,531] {processor.py:161} INFO - Processing /opt/airflow/dags/user_processing.py took 0.333 seconds
[2022-07-15 00:50:08,988] {processor.py:153} INFO - Started process (PID=6498) to work on /opt/airflow/dags/user_processing.py
[2022-07-15 00:50:08,990] {processor.py:641} INFO - Processing file /opt/airflow/dags/user_processing.py for tasks to queue
[2022-07-15 00:50:08,992] {logging_mixin.py:115} INFO - [2022-07-15 00:50:08,991] {dagbag.py:507} INFO - Filling up the DagBag from /opt/airflow/dags/user_processing.py
[2022-07-15 00:50:09,268] {processor.py:651} INFO - DAG(s) dict_keys(['user_processing']) retrieved from /opt/airflow/dags/user_processing.py
[2022-07-15 00:50:09,296] {logging_mixin.py:115} INFO - [2022-07-15 00:50:09,295] {dag.py:2371} INFO - Sync 1 DAGs
[2022-07-15 00:50:09,310] {logging_mixin.py:115} INFO - [2022-07-15 00:50:09,310] {dag.py:2919} INFO - Setting next_dagrun for user_processing to 2022-07-15T00:00:00+00:00, run_after=2022-07-16T00:00:00+00:00
[2022-07-15 00:50:09,320] {processor.py:161} INFO - Processing /opt/airflow/dags/user_processing.py took 0.335 seconds
[2022-07-15 00:50:39,581] {processor.py:153} INFO - Started process (PID=6571) to work on /opt/airflow/dags/user_processing.py
[2022-07-15 00:50:39,583] {processor.py:641} INFO - Processing file /opt/airflow/dags/user_processing.py for tasks to queue
[2022-07-15 00:50:39,585] {logging_mixin.py:115} INFO - [2022-07-15 00:50:39,585] {dagbag.py:507} INFO - Filling up the DagBag from /opt/airflow/dags/user_processing.py
[2022-07-15 00:50:39,843] {processor.py:651} INFO - DAG(s) dict_keys(['user_processing']) retrieved from /opt/airflow/dags/user_processing.py
[2022-07-15 00:50:39,877] {logging_mixin.py:115} INFO - [2022-07-15 00:50:39,877] {dag.py:2371} INFO - Sync 1 DAGs
[2022-07-15 00:50:39,905] {logging_mixin.py:115} INFO - [2022-07-15 00:50:39,904] {dag.py:2919} INFO - Setting next_dagrun for user_processing to 2022-07-15T00:00:00+00:00, run_after=2022-07-16T00:00:00+00:00
[2022-07-15 00:50:39,916] {processor.py:161} INFO - Processing /opt/airflow/dags/user_processing.py took 0.337 seconds
[2022-07-15 00:51:10,082] {processor.py:153} INFO - Started process (PID=6636) to work on /opt/airflow/dags/user_processing.py
[2022-07-15 00:51:10,084] {processor.py:641} INFO - Processing file /opt/airflow/dags/user_processing.py for tasks to queue
[2022-07-15 00:51:10,086] {logging_mixin.py:115} INFO - [2022-07-15 00:51:10,086] {dagbag.py:507} INFO - Filling up the DagBag from /opt/airflow/dags/user_processing.py
[2022-07-15 00:51:10,413] {processor.py:651} INFO - DAG(s) dict_keys(['user_processing']) retrieved from /opt/airflow/dags/user_processing.py
[2022-07-15 00:51:10,451] {logging_mixin.py:115} INFO - [2022-07-15 00:51:10,450] {dag.py:2371} INFO - Sync 1 DAGs
[2022-07-15 00:51:10,466] {logging_mixin.py:115} INFO - [2022-07-15 00:51:10,466] {dag.py:2919} INFO - Setting next_dagrun for user_processing to 2022-07-15T00:00:00+00:00, run_after=2022-07-16T00:00:00+00:00
[2022-07-15 00:51:10,476] {processor.py:161} INFO - Processing /opt/airflow/dags/user_processing.py took 0.397 seconds
[2022-07-15 00:51:41,021] {processor.py:153} INFO - Started process (PID=6706) to work on /opt/airflow/dags/user_processing.py
[2022-07-15 00:51:41,023] {processor.py:641} INFO - Processing file /opt/airflow/dags/user_processing.py for tasks to queue
[2022-07-15 00:51:41,025] {logging_mixin.py:115} INFO - [2022-07-15 00:51:41,025] {dagbag.py:507} INFO - Filling up the DagBag from /opt/airflow/dags/user_processing.py
[2022-07-15 00:51:41,301] {processor.py:651} INFO - DAG(s) dict_keys(['user_processing']) retrieved from /opt/airflow/dags/user_processing.py
[2022-07-15 00:51:41,331] {logging_mixin.py:115} INFO - [2022-07-15 00:51:41,331] {dag.py:2371} INFO - Sync 1 DAGs
[2022-07-15 00:51:41,346] {logging_mixin.py:115} INFO - [2022-07-15 00:51:41,346] {dag.py:2919} INFO - Setting next_dagrun for user_processing to 2022-07-15T00:00:00+00:00, run_after=2022-07-16T00:00:00+00:00
[2022-07-15 00:51:41,358] {processor.py:161} INFO - Processing /opt/airflow/dags/user_processing.py took 0.340 seconds
[2022-07-15 00:52:11,884] {processor.py:153} INFO - Started process (PID=6772) to work on /opt/airflow/dags/user_processing.py
[2022-07-15 00:52:11,886] {processor.py:641} INFO - Processing file /opt/airflow/dags/user_processing.py for tasks to queue
[2022-07-15 00:52:11,891] {logging_mixin.py:115} INFO - [2022-07-15 00:52:11,891] {dagbag.py:507} INFO - Filling up the DagBag from /opt/airflow/dags/user_processing.py
[2022-07-15 00:52:12,166] {processor.py:651} INFO - DAG(s) dict_keys(['user_processing']) retrieved from /opt/airflow/dags/user_processing.py
[2022-07-15 00:52:12,196] {logging_mixin.py:115} INFO - [2022-07-15 00:52:12,195] {dag.py:2371} INFO - Sync 1 DAGs
[2022-07-15 00:52:12,214] {logging_mixin.py:115} INFO - [2022-07-15 00:52:12,214] {dag.py:2919} INFO - Setting next_dagrun for user_processing to 2022-07-15T00:00:00+00:00, run_after=2022-07-16T00:00:00+00:00
[2022-07-15 00:52:12,225] {processor.py:161} INFO - Processing /opt/airflow/dags/user_processing.py took 0.346 seconds
[2022-07-15 00:52:42,457] {processor.py:153} INFO - Started process (PID=6830) to work on /opt/airflow/dags/user_processing.py
[2022-07-15 00:52:42,458] {processor.py:641} INFO - Processing file /opt/airflow/dags/user_processing.py for tasks to queue
[2022-07-15 00:52:42,461] {logging_mixin.py:115} INFO - [2022-07-15 00:52:42,460] {dagbag.py:507} INFO - Filling up the DagBag from /opt/airflow/dags/user_processing.py
[2022-07-15 00:52:42,747] {processor.py:651} INFO - DAG(s) dict_keys(['user_processing']) retrieved from /opt/airflow/dags/user_processing.py
[2022-07-15 00:52:42,781] {logging_mixin.py:115} INFO - [2022-07-15 00:52:42,781] {dag.py:2371} INFO - Sync 1 DAGs
[2022-07-15 00:52:42,805] {logging_mixin.py:115} INFO - [2022-07-15 00:52:42,805] {dag.py:2919} INFO - Setting next_dagrun for user_processing to 2022-07-15T00:00:00+00:00, run_after=2022-07-16T00:00:00+00:00
[2022-07-15 00:52:42,817] {processor.py:161} INFO - Processing /opt/airflow/dags/user_processing.py took 0.363 seconds
[2022-07-15 00:53:13,314] {processor.py:153} INFO - Started process (PID=6896) to work on /opt/airflow/dags/user_processing.py
[2022-07-15 00:53:13,316] {processor.py:641} INFO - Processing file /opt/airflow/dags/user_processing.py for tasks to queue
[2022-07-15 00:53:13,318] {logging_mixin.py:115} INFO - [2022-07-15 00:53:13,318] {dagbag.py:507} INFO - Filling up the DagBag from /opt/airflow/dags/user_processing.py
[2022-07-15 00:53:13,639] {processor.py:651} INFO - DAG(s) dict_keys(['user_processing']) retrieved from /opt/airflow/dags/user_processing.py
[2022-07-15 00:53:13,673] {logging_mixin.py:115} INFO - [2022-07-15 00:53:13,672] {dag.py:2371} INFO - Sync 1 DAGs
[2022-07-15 00:53:13,690] {logging_mixin.py:115} INFO - [2022-07-15 00:53:13,690] {dag.py:2919} INFO - Setting next_dagrun for user_processing to 2022-07-15T00:00:00+00:00, run_after=2022-07-16T00:00:00+00:00
[2022-07-15 00:53:13,700] {processor.py:161} INFO - Processing /opt/airflow/dags/user_processing.py took 0.393 seconds
[2022-07-15 00:53:43,876] {processor.py:153} INFO - Started process (PID=6962) to work on /opt/airflow/dags/user_processing.py
[2022-07-15 00:53:43,879] {processor.py:641} INFO - Processing file /opt/airflow/dags/user_processing.py for tasks to queue
[2022-07-15 00:53:43,880] {logging_mixin.py:115} INFO - [2022-07-15 00:53:43,880] {dagbag.py:507} INFO - Filling up the DagBag from /opt/airflow/dags/user_processing.py
[2022-07-15 00:53:44,135] {processor.py:651} INFO - DAG(s) dict_keys(['user_processing']) retrieved from /opt/airflow/dags/user_processing.py
[2022-07-15 00:53:44,167] {logging_mixin.py:115} INFO - [2022-07-15 00:53:44,167] {dag.py:2371} INFO - Sync 1 DAGs
[2022-07-15 00:53:44,183] {logging_mixin.py:115} INFO - [2022-07-15 00:53:44,183] {dag.py:2919} INFO - Setting next_dagrun for user_processing to 2022-07-15T00:00:00+00:00, run_after=2022-07-16T00:00:00+00:00
[2022-07-15 00:53:44,194] {processor.py:161} INFO - Processing /opt/airflow/dags/user_processing.py took 0.320 seconds
[2022-07-15 00:54:14,425] {processor.py:153} INFO - Started process (PID=7030) to work on /opt/airflow/dags/user_processing.py
[2022-07-15 00:54:14,427] {processor.py:641} INFO - Processing file /opt/airflow/dags/user_processing.py for tasks to queue
[2022-07-15 00:54:14,428] {logging_mixin.py:115} INFO - [2022-07-15 00:54:14,428] {dagbag.py:507} INFO - Filling up the DagBag from /opt/airflow/dags/user_processing.py
[2022-07-15 00:54:14,705] {processor.py:651} INFO - DAG(s) dict_keys(['user_processing']) retrieved from /opt/airflow/dags/user_processing.py
[2022-07-15 00:54:14,734] {logging_mixin.py:115} INFO - [2022-07-15 00:54:14,734] {dag.py:2371} INFO - Sync 1 DAGs
[2022-07-15 00:54:14,750] {logging_mixin.py:115} INFO - [2022-07-15 00:54:14,750] {dag.py:2919} INFO - Setting next_dagrun for user_processing to 2022-07-15T00:00:00+00:00, run_after=2022-07-16T00:00:00+00:00
[2022-07-15 00:54:14,760] {processor.py:161} INFO - Processing /opt/airflow/dags/user_processing.py took 0.338 seconds
[2022-07-15 00:54:44,929] {processor.py:153} INFO - Started process (PID=7095) to work on /opt/airflow/dags/user_processing.py
[2022-07-15 00:54:44,931] {processor.py:641} INFO - Processing file /opt/airflow/dags/user_processing.py for tasks to queue
[2022-07-15 00:54:44,933] {logging_mixin.py:115} INFO - [2022-07-15 00:54:44,932] {dagbag.py:507} INFO - Filling up the DagBag from /opt/airflow/dags/user_processing.py
[2022-07-15 00:54:45,202] {processor.py:651} INFO - DAG(s) dict_keys(['user_processing']) retrieved from /opt/airflow/dags/user_processing.py
[2022-07-15 00:54:45,243] {logging_mixin.py:115} INFO - [2022-07-15 00:54:45,243] {dag.py:2371} INFO - Sync 1 DAGs
[2022-07-15 00:54:45,260] {logging_mixin.py:115} INFO - [2022-07-15 00:54:45,260] {dag.py:2919} INFO - Setting next_dagrun for user_processing to 2022-07-15T00:00:00+00:00, run_after=2022-07-16T00:00:00+00:00
[2022-07-15 00:54:45,270] {processor.py:161} INFO - Processing /opt/airflow/dags/user_processing.py took 0.345 seconds
[2022-07-15 00:55:15,747] {processor.py:153} INFO - Started process (PID=7152) to work on /opt/airflow/dags/user_processing.py
[2022-07-15 00:55:15,749] {processor.py:641} INFO - Processing file /opt/airflow/dags/user_processing.py for tasks to queue
[2022-07-15 00:55:15,750] {logging_mixin.py:115} INFO - [2022-07-15 00:55:15,750] {dagbag.py:507} INFO - Filling up the DagBag from /opt/airflow/dags/user_processing.py
[2022-07-15 00:55:16,024] {processor.py:651} INFO - DAG(s) dict_keys(['user_processing']) retrieved from /opt/airflow/dags/user_processing.py
[2022-07-15 00:55:16,048] {logging_mixin.py:115} INFO - [2022-07-15 00:55:16,048] {dag.py:2371} INFO - Sync 1 DAGs
[2022-07-15 00:55:16,065] {logging_mixin.py:115} INFO - [2022-07-15 00:55:16,065] {dag.py:2919} INFO - Setting next_dagrun for user_processing to 2022-07-15T00:00:00+00:00, run_after=2022-07-16T00:00:00+00:00
[2022-07-15 00:55:16,074] {processor.py:161} INFO - Processing /opt/airflow/dags/user_processing.py took 0.330 seconds
[2022-07-15 00:55:46,187] {processor.py:153} INFO - Started process (PID=7221) to work on /opt/airflow/dags/user_processing.py
[2022-07-15 00:55:46,189] {processor.py:641} INFO - Processing file /opt/airflow/dags/user_processing.py for tasks to queue
[2022-07-15 00:55:46,195] {logging_mixin.py:115} INFO - [2022-07-15 00:55:46,195] {dagbag.py:507} INFO - Filling up the DagBag from /opt/airflow/dags/user_processing.py
[2022-07-15 00:55:46,531] {processor.py:651} INFO - DAG(s) dict_keys(['user_processing']) retrieved from /opt/airflow/dags/user_processing.py
[2022-07-15 00:55:46,559] {logging_mixin.py:115} INFO - [2022-07-15 00:55:46,558] {dag.py:2371} INFO - Sync 1 DAGs
[2022-07-15 00:55:46,575] {logging_mixin.py:115} INFO - [2022-07-15 00:55:46,575] {dag.py:2919} INFO - Setting next_dagrun for user_processing to 2022-07-15T00:00:00+00:00, run_after=2022-07-16T00:00:00+00:00
[2022-07-15 00:55:46,585] {processor.py:161} INFO - Processing /opt/airflow/dags/user_processing.py took 0.402 seconds
[2022-07-15 00:56:16,709] {processor.py:153} INFO - Started process (PID=7288) to work on /opt/airflow/dags/user_processing.py
[2022-07-15 00:56:16,711] {processor.py:641} INFO - Processing file /opt/airflow/dags/user_processing.py for tasks to queue
[2022-07-15 00:56:16,712] {logging_mixin.py:115} INFO - [2022-07-15 00:56:16,712] {dagbag.py:507} INFO - Filling up the DagBag from /opt/airflow/dags/user_processing.py
[2022-07-15 00:56:16,992] {processor.py:651} INFO - DAG(s) dict_keys(['user_processing']) retrieved from /opt/airflow/dags/user_processing.py
[2022-07-15 00:56:17,028] {logging_mixin.py:115} INFO - [2022-07-15 00:56:17,027] {dag.py:2371} INFO - Sync 1 DAGs
[2022-07-15 00:56:17,045] {logging_mixin.py:115} INFO - [2022-07-15 00:56:17,045] {dag.py:2919} INFO - Setting next_dagrun for user_processing to 2022-07-15T00:00:00+00:00, run_after=2022-07-16T00:00:00+00:00
[2022-07-15 00:56:17,054] {processor.py:161} INFO - Processing /opt/airflow/dags/user_processing.py took 0.348 seconds
[2022-07-15 00:56:47,107] {processor.py:153} INFO - Started process (PID=7359) to work on /opt/airflow/dags/user_processing.py
[2022-07-15 00:56:47,110] {processor.py:641} INFO - Processing file /opt/airflow/dags/user_processing.py for tasks to queue
[2022-07-15 00:56:47,111] {logging_mixin.py:115} INFO - [2022-07-15 00:56:47,111] {dagbag.py:507} INFO - Filling up the DagBag from /opt/airflow/dags/user_processing.py
[2022-07-15 00:56:47,540] {processor.py:651} INFO - DAG(s) dict_keys(['user_processing']) retrieved from /opt/airflow/dags/user_processing.py
[2022-07-15 00:56:47,573] {logging_mixin.py:115} INFO - [2022-07-15 00:56:47,573] {dag.py:2371} INFO - Sync 1 DAGs
[2022-07-15 00:56:47,594] {logging_mixin.py:115} INFO - [2022-07-15 00:56:47,594] {dag.py:2919} INFO - Setting next_dagrun for user_processing to 2022-07-15T00:00:00+00:00, run_after=2022-07-16T00:00:00+00:00
[2022-07-15 00:56:47,607] {processor.py:161} INFO - Processing /opt/airflow/dags/user_processing.py took 0.503 seconds
[2022-07-15 00:57:17,894] {processor.py:153} INFO - Started process (PID=7427) to work on /opt/airflow/dags/user_processing.py
[2022-07-15 00:57:17,897] {processor.py:641} INFO - Processing file /opt/airflow/dags/user_processing.py for tasks to queue
[2022-07-15 00:57:17,899] {logging_mixin.py:115} INFO - [2022-07-15 00:57:17,899] {dagbag.py:507} INFO - Filling up the DagBag from /opt/airflow/dags/user_processing.py
[2022-07-15 00:57:18,209] {processor.py:651} INFO - DAG(s) dict_keys(['user_processing']) retrieved from /opt/airflow/dags/user_processing.py
[2022-07-15 00:57:18,238] {logging_mixin.py:115} INFO - [2022-07-15 00:57:18,237] {dag.py:2371} INFO - Sync 1 DAGs
[2022-07-15 00:57:18,255] {logging_mixin.py:115} INFO - [2022-07-15 00:57:18,255] {dag.py:2919} INFO - Setting next_dagrun for user_processing to 2022-07-15T00:00:00+00:00, run_after=2022-07-16T00:00:00+00:00
[2022-07-15 00:57:18,265] {processor.py:161} INFO - Processing /opt/airflow/dags/user_processing.py took 0.376 seconds
[2022-07-15 00:57:48,410] {processor.py:153} INFO - Started process (PID=7481) to work on /opt/airflow/dags/user_processing.py
[2022-07-15 00:57:48,412] {processor.py:641} INFO - Processing file /opt/airflow/dags/user_processing.py for tasks to queue
[2022-07-15 00:57:48,414] {logging_mixin.py:115} INFO - [2022-07-15 00:57:48,414] {dagbag.py:507} INFO - Filling up the DagBag from /opt/airflow/dags/user_processing.py
[2022-07-15 00:57:48,729] {processor.py:651} INFO - DAG(s) dict_keys(['user_processing']) retrieved from /opt/airflow/dags/user_processing.py
[2022-07-15 00:57:48,760] {logging_mixin.py:115} INFO - [2022-07-15 00:57:48,759] {dag.py:2371} INFO - Sync 1 DAGs
[2022-07-15 00:57:48,776] {logging_mixin.py:115} INFO - [2022-07-15 00:57:48,775] {dag.py:2919} INFO - Setting next_dagrun for user_processing to 2022-07-15T00:00:00+00:00, run_after=2022-07-16T00:00:00+00:00
[2022-07-15 00:57:48,785] {processor.py:161} INFO - Processing /opt/airflow/dags/user_processing.py took 0.380 seconds
[2022-07-15 00:58:19,504] {processor.py:153} INFO - Started process (PID=7555) to work on /opt/airflow/dags/user_processing.py
[2022-07-15 00:58:19,506] {processor.py:641} INFO - Processing file /opt/airflow/dags/user_processing.py for tasks to queue
[2022-07-15 00:58:19,508] {logging_mixin.py:115} INFO - [2022-07-15 00:58:19,508] {dagbag.py:507} INFO - Filling up the DagBag from /opt/airflow/dags/user_processing.py
[2022-07-15 00:58:19,780] {processor.py:651} INFO - DAG(s) dict_keys(['user_processing']) retrieved from /opt/airflow/dags/user_processing.py
[2022-07-15 00:58:19,811] {logging_mixin.py:115} INFO - [2022-07-15 00:58:19,811] {dag.py:2371} INFO - Sync 1 DAGs
[2022-07-15 00:58:19,827] {logging_mixin.py:115} INFO - [2022-07-15 00:58:19,827] {dag.py:2919} INFO - Setting next_dagrun for user_processing to 2022-07-15T00:00:00+00:00, run_after=2022-07-16T00:00:00+00:00
[2022-07-15 00:58:19,837] {processor.py:161} INFO - Processing /opt/airflow/dags/user_processing.py took 0.336 seconds
[2022-07-15 00:58:50,173] {processor.py:153} INFO - Started process (PID=7622) to work on /opt/airflow/dags/user_processing.py
[2022-07-15 00:58:50,176] {processor.py:641} INFO - Processing file /opt/airflow/dags/user_processing.py for tasks to queue
[2022-07-15 00:58:50,179] {logging_mixin.py:115} INFO - [2022-07-15 00:58:50,179] {dagbag.py:507} INFO - Filling up the DagBag from /opt/airflow/dags/user_processing.py
[2022-07-15 00:58:50,586] {processor.py:651} INFO - DAG(s) dict_keys(['user_processing']) retrieved from /opt/airflow/dags/user_processing.py
[2022-07-15 00:58:50,632] {logging_mixin.py:115} INFO - [2022-07-15 00:58:50,632] {dag.py:2371} INFO - Sync 1 DAGs
[2022-07-15 00:58:50,650] {logging_mixin.py:115} INFO - [2022-07-15 00:58:50,650] {dag.py:2919} INFO - Setting next_dagrun for user_processing to 2022-07-15T00:00:00+00:00, run_after=2022-07-16T00:00:00+00:00
[2022-07-15 00:58:50,660] {processor.py:161} INFO - Processing /opt/airflow/dags/user_processing.py took 0.491 seconds
[2022-07-15 00:59:20,924] {processor.py:153} INFO - Started process (PID=7692) to work on /opt/airflow/dags/user_processing.py
[2022-07-15 00:59:20,926] {processor.py:641} INFO - Processing file /opt/airflow/dags/user_processing.py for tasks to queue
[2022-07-15 00:59:20,927] {logging_mixin.py:115} INFO - [2022-07-15 00:59:20,927] {dagbag.py:507} INFO - Filling up the DagBag from /opt/airflow/dags/user_processing.py
[2022-07-15 00:59:21,149] {processor.py:651} INFO - DAG(s) dict_keys(['user_processing']) retrieved from /opt/airflow/dags/user_processing.py
[2022-07-15 00:59:21,175] {logging_mixin.py:115} INFO - [2022-07-15 00:59:21,174] {dag.py:2371} INFO - Sync 1 DAGs
[2022-07-15 00:59:21,190] {logging_mixin.py:115} INFO - [2022-07-15 00:59:21,190] {dag.py:2919} INFO - Setting next_dagrun for user_processing to 2022-07-15T00:00:00+00:00, run_after=2022-07-16T00:00:00+00:00
[2022-07-15 00:59:21,199] {processor.py:161} INFO - Processing /opt/airflow/dags/user_processing.py took 0.277 seconds
[2022-07-15 00:59:51,601] {processor.py:153} INFO - Started process (PID=7759) to work on /opt/airflow/dags/user_processing.py
[2022-07-15 00:59:51,603] {processor.py:641} INFO - Processing file /opt/airflow/dags/user_processing.py for tasks to queue
[2022-07-15 00:59:51,605] {logging_mixin.py:115} INFO - [2022-07-15 00:59:51,605] {dagbag.py:507} INFO - Filling up the DagBag from /opt/airflow/dags/user_processing.py
[2022-07-15 00:59:51,934] {processor.py:651} INFO - DAG(s) dict_keys(['user_processing']) retrieved from /opt/airflow/dags/user_processing.py
[2022-07-15 00:59:51,966] {logging_mixin.py:115} INFO - [2022-07-15 00:59:51,965] {dag.py:2371} INFO - Sync 1 DAGs
[2022-07-15 00:59:51,983] {logging_mixin.py:115} INFO - [2022-07-15 00:59:51,983] {dag.py:2919} INFO - Setting next_dagrun for user_processing to 2022-07-15T00:00:00+00:00, run_after=2022-07-16T00:00:00+00:00
[2022-07-15 00:59:51,991] {processor.py:161} INFO - Processing /opt/airflow/dags/user_processing.py took 0.393 seconds
[2022-07-15 01:00:21,203] {processor.py:153} INFO - Started process (PID=7817) to work on /opt/airflow/dags/user_processing.py
[2022-07-15 01:00:21,205] {processor.py:641} INFO - Processing file /opt/airflow/dags/user_processing.py for tasks to queue
[2022-07-15 01:00:21,208] {logging_mixin.py:115} INFO - [2022-07-15 01:00:21,207] {dagbag.py:507} INFO - Filling up the DagBag from /opt/airflow/dags/user_processing.py
[2022-07-15 01:00:21,492] {logging_mixin.py:115} INFO - [2022-07-15 01:00:21,491] {dagbag.py:412} ERROR - Failed to bag_dag: /opt/airflow/dags/user_processing.py
Traceback (most recent call last):
  File "/home/airflow/.local/lib/python3.7/site-packages/croniter/croniter.py", line 172, in _alphaconv
    return cls.ALPHACONV[index][key]
KeyError: '/10'

During handling of the above exception, another exception occurred:

Traceback (most recent call last):
  File "/home/airflow/.local/lib/python3.7/site-packages/airflow/timetables/interval.py", line 173, in validate
    croniter(self._expression)
  File "/home/airflow/.local/lib/python3.7/site-packages/croniter/croniter.py", line 166, in __init__
    self.expanded, self.nth_weekday_of_month = self.expand(expr_format, hash_id=hash_id)
  File "/home/airflow/.local/lib/python3.7/site-packages/croniter/croniter.py", line 774, in expand
    return cls._expand(expr_format, hash_id=hash_id)
  File "/home/airflow/.local/lib/python3.7/site-packages/croniter/croniter.py", line 717, in _expand
    t = cls._alphaconv(i, t, expressions)
  File "/home/airflow/.local/lib/python3.7/site-packages/croniter/croniter.py", line 175, in _alphaconv
    "[{0}] is not acceptable".format(" ".join(expressions)))
croniter.croniter.CroniterNotAlphaError: [* /10 * * *] is not acceptable

During handling of the above exception, another exception occurred:

Traceback (most recent call last):
  File "/home/airflow/.local/lib/python3.7/site-packages/airflow/models/dagbag.py", line 405, in _process_modules
    dag.timetable.validate()
  File "/home/airflow/.local/lib/python3.7/site-packages/airflow/timetables/interval.py", line 175, in validate
    raise AirflowTimetableInvalid(str(e))
airflow.exceptions.AirflowTimetableInvalid: [* /10 * * *] is not acceptable
[2022-07-15 01:00:21,495] {processor.py:653} WARNING - No viable dags retrieved from /opt/airflow/dags/user_processing.py
[2022-07-15 01:00:21,510] {processor.py:161} INFO - Processing /opt/airflow/dags/user_processing.py took 0.310 seconds
[2022-07-15 01:00:51,602] {processor.py:153} INFO - Started process (PID=7884) to work on /opt/airflow/dags/user_processing.py
[2022-07-15 01:00:51,604] {processor.py:641} INFO - Processing file /opt/airflow/dags/user_processing.py for tasks to queue
[2022-07-15 01:00:51,606] {logging_mixin.py:115} INFO - [2022-07-15 01:00:51,606] {dagbag.py:507} INFO - Filling up the DagBag from /opt/airflow/dags/user_processing.py
[2022-07-15 01:00:51,883] {logging_mixin.py:115} INFO - [2022-07-15 01:00:51,883] {dagbag.py:412} ERROR - Failed to bag_dag: /opt/airflow/dags/user_processing.py
Traceback (most recent call last):
  File "/home/airflow/.local/lib/python3.7/site-packages/croniter/croniter.py", line 172, in _alphaconv
    return cls.ALPHACONV[index][key]
KeyError: '/10'

During handling of the above exception, another exception occurred:

Traceback (most recent call last):
  File "/home/airflow/.local/lib/python3.7/site-packages/airflow/timetables/interval.py", line 173, in validate
    croniter(self._expression)
  File "/home/airflow/.local/lib/python3.7/site-packages/croniter/croniter.py", line 166, in __init__
    self.expanded, self.nth_weekday_of_month = self.expand(expr_format, hash_id=hash_id)
  File "/home/airflow/.local/lib/python3.7/site-packages/croniter/croniter.py", line 774, in expand
    return cls._expand(expr_format, hash_id=hash_id)
  File "/home/airflow/.local/lib/python3.7/site-packages/croniter/croniter.py", line 717, in _expand
    t = cls._alphaconv(i, t, expressions)
  File "/home/airflow/.local/lib/python3.7/site-packages/croniter/croniter.py", line 175, in _alphaconv
    "[{0}] is not acceptable".format(" ".join(expressions)))
croniter.croniter.CroniterNotAlphaError: [* /10 * * *] is not acceptable

During handling of the above exception, another exception occurred:

Traceback (most recent call last):
  File "/home/airflow/.local/lib/python3.7/site-packages/airflow/models/dagbag.py", line 405, in _process_modules
    dag.timetable.validate()
  File "/home/airflow/.local/lib/python3.7/site-packages/airflow/timetables/interval.py", line 175, in validate
    raise AirflowTimetableInvalid(str(e))
airflow.exceptions.AirflowTimetableInvalid: [* /10 * * *] is not acceptable
[2022-07-15 01:00:51,885] {processor.py:653} WARNING - No viable dags retrieved from /opt/airflow/dags/user_processing.py
[2022-07-15 01:00:51,902] {processor.py:161} INFO - Processing /opt/airflow/dags/user_processing.py took 0.304 seconds
[2022-07-15 01:01:22,062] {processor.py:153} INFO - Started process (PID=7951) to work on /opt/airflow/dags/user_processing.py
[2022-07-15 01:01:22,064] {processor.py:641} INFO - Processing file /opt/airflow/dags/user_processing.py for tasks to queue
[2022-07-15 01:01:22,065] {logging_mixin.py:115} INFO - [2022-07-15 01:01:22,065] {dagbag.py:507} INFO - Filling up the DagBag from /opt/airflow/dags/user_processing.py
[2022-07-15 01:01:22,312] {logging_mixin.py:115} INFO - [2022-07-15 01:01:22,311] {dagbag.py:412} ERROR - Failed to bag_dag: /opt/airflow/dags/user_processing.py
Traceback (most recent call last):
  File "/home/airflow/.local/lib/python3.7/site-packages/croniter/croniter.py", line 172, in _alphaconv
    return cls.ALPHACONV[index][key]
KeyError: '/10'

During handling of the above exception, another exception occurred:

Traceback (most recent call last):
  File "/home/airflow/.local/lib/python3.7/site-packages/airflow/timetables/interval.py", line 173, in validate
    croniter(self._expression)
  File "/home/airflow/.local/lib/python3.7/site-packages/croniter/croniter.py", line 166, in __init__
    self.expanded, self.nth_weekday_of_month = self.expand(expr_format, hash_id=hash_id)
  File "/home/airflow/.local/lib/python3.7/site-packages/croniter/croniter.py", line 774, in expand
    return cls._expand(expr_format, hash_id=hash_id)
  File "/home/airflow/.local/lib/python3.7/site-packages/croniter/croniter.py", line 717, in _expand
    t = cls._alphaconv(i, t, expressions)
  File "/home/airflow/.local/lib/python3.7/site-packages/croniter/croniter.py", line 175, in _alphaconv
    "[{0}] is not acceptable".format(" ".join(expressions)))
croniter.croniter.CroniterNotAlphaError: [* /10 * * *] is not acceptable

During handling of the above exception, another exception occurred:

Traceback (most recent call last):
  File "/home/airflow/.local/lib/python3.7/site-packages/airflow/models/dagbag.py", line 405, in _process_modules
    dag.timetable.validate()
  File "/home/airflow/.local/lib/python3.7/site-packages/airflow/timetables/interval.py", line 175, in validate
    raise AirflowTimetableInvalid(str(e))
airflow.exceptions.AirflowTimetableInvalid: [* /10 * * *] is not acceptable
[2022-07-15 01:01:22,314] {processor.py:653} WARNING - No viable dags retrieved from /opt/airflow/dags/user_processing.py
[2022-07-15 01:01:22,328] {processor.py:161} INFO - Processing /opt/airflow/dags/user_processing.py took 0.269 seconds
[2022-07-15 01:01:50,499] {processor.py:153} INFO - Started process (PID=8010) to work on /opt/airflow/dags/user_processing.py
[2022-07-15 01:01:50,502] {processor.py:641} INFO - Processing file /opt/airflow/dags/user_processing.py for tasks to queue
[2022-07-15 01:01:50,503] {logging_mixin.py:115} INFO - [2022-07-15 01:01:50,503] {dagbag.py:507} INFO - Filling up the DagBag from /opt/airflow/dags/user_processing.py
[2022-07-15 01:01:50,809] {processor.py:651} INFO - DAG(s) dict_keys(['user_processing']) retrieved from /opt/airflow/dags/user_processing.py
[2022-07-15 01:01:50,841] {logging_mixin.py:115} INFO - [2022-07-15 01:01:50,841] {dag.py:2371} INFO - Sync 1 DAGs
[2022-07-15 01:01:50,855] {logging_mixin.py:115} INFO - [2022-07-15 01:01:50,855] {dag.py:2919} INFO - Setting next_dagrun for user_processing to 2022-07-15T00:00:00+00:00, run_after=2022-07-16T00:00:00+00:00
[2022-07-15 01:01:50,870] {processor.py:161} INFO - Processing /opt/airflow/dags/user_processing.py took 0.374 seconds
[2022-07-15 01:02:20,960] {processor.py:153} INFO - Started process (PID=8082) to work on /opt/airflow/dags/user_processing.py
[2022-07-15 01:02:20,962] {processor.py:641} INFO - Processing file /opt/airflow/dags/user_processing.py for tasks to queue
[2022-07-15 01:02:20,963] {logging_mixin.py:115} INFO - [2022-07-15 01:02:20,963] {dagbag.py:507} INFO - Filling up the DagBag from /opt/airflow/dags/user_processing.py
[2022-07-15 01:02:21,244] {processor.py:651} INFO - DAG(s) dict_keys(['user_processing']) retrieved from /opt/airflow/dags/user_processing.py
[2022-07-15 01:02:21,273] {logging_mixin.py:115} INFO - [2022-07-15 01:02:21,273] {dag.py:2371} INFO - Sync 1 DAGs
[2022-07-15 01:02:21,287] {logging_mixin.py:115} INFO - [2022-07-15 01:02:21,287] {dag.py:2919} INFO - Setting next_dagrun for user_processing to 2022-07-15T00:00:00+00:00, run_after=2022-07-16T00:00:00+00:00
[2022-07-15 01:02:21,305] {processor.py:161} INFO - Processing /opt/airflow/dags/user_processing.py took 0.348 seconds
[2022-07-15 01:02:52,212] {processor.py:153} INFO - Started process (PID=8148) to work on /opt/airflow/dags/user_processing.py
[2022-07-15 01:02:52,214] {processor.py:641} INFO - Processing file /opt/airflow/dags/user_processing.py for tasks to queue
[2022-07-15 01:02:52,215] {logging_mixin.py:115} INFO - [2022-07-15 01:02:52,215] {dagbag.py:507} INFO - Filling up the DagBag from /opt/airflow/dags/user_processing.py
[2022-07-15 01:02:52,492] {processor.py:651} INFO - DAG(s) dict_keys(['user_processing']) retrieved from /opt/airflow/dags/user_processing.py
[2022-07-15 01:02:52,520] {logging_mixin.py:115} INFO - [2022-07-15 01:02:52,519] {dag.py:2371} INFO - Sync 1 DAGs
[2022-07-15 01:02:52,536] {logging_mixin.py:115} INFO - [2022-07-15 01:02:52,535] {dag.py:2919} INFO - Setting next_dagrun for user_processing to 2022-07-15T00:00:00+00:00, run_after=2022-07-16T00:00:00+00:00
[2022-07-15 01:02:52,545] {processor.py:161} INFO - Processing /opt/airflow/dags/user_processing.py took 0.336 seconds
[2022-07-15 01:03:23,036] {processor.py:153} INFO - Started process (PID=8216) to work on /opt/airflow/dags/user_processing.py
[2022-07-15 01:03:23,038] {processor.py:641} INFO - Processing file /opt/airflow/dags/user_processing.py for tasks to queue
[2022-07-15 01:03:23,039] {logging_mixin.py:115} INFO - [2022-07-15 01:03:23,039] {dagbag.py:507} INFO - Filling up the DagBag from /opt/airflow/dags/user_processing.py
[2022-07-15 01:03:23,294] {processor.py:651} INFO - DAG(s) dict_keys(['user_processing']) retrieved from /opt/airflow/dags/user_processing.py
[2022-07-15 01:03:23,320] {logging_mixin.py:115} INFO - [2022-07-15 01:03:23,320] {dag.py:2371} INFO - Sync 1 DAGs
[2022-07-15 01:03:23,333] {logging_mixin.py:115} INFO - [2022-07-15 01:03:23,333] {dag.py:2919} INFO - Setting next_dagrun for user_processing to 2022-07-15T00:00:00+00:00, run_after=2022-07-16T00:00:00+00:00
[2022-07-15 01:03:23,341] {processor.py:161} INFO - Processing /opt/airflow/dags/user_processing.py took 0.308 seconds
[2022-07-15 01:03:53,425] {processor.py:153} INFO - Started process (PID=8286) to work on /opt/airflow/dags/user_processing.py
[2022-07-15 01:03:53,427] {processor.py:641} INFO - Processing file /opt/airflow/dags/user_processing.py for tasks to queue
[2022-07-15 01:03:53,428] {logging_mixin.py:115} INFO - [2022-07-15 01:03:53,428] {dagbag.py:507} INFO - Filling up the DagBag from /opt/airflow/dags/user_processing.py
[2022-07-15 01:03:53,653] {processor.py:651} INFO - DAG(s) dict_keys(['user_processing']) retrieved from /opt/airflow/dags/user_processing.py
[2022-07-15 01:03:53,678] {logging_mixin.py:115} INFO - [2022-07-15 01:03:53,678] {dag.py:2371} INFO - Sync 1 DAGs
[2022-07-15 01:03:53,691] {logging_mixin.py:115} INFO - [2022-07-15 01:03:53,691] {dag.py:2919} INFO - Setting next_dagrun for user_processing to 2022-07-15T00:00:00+00:00, run_after=2022-07-16T00:00:00+00:00
[2022-07-15 01:03:53,699] {processor.py:161} INFO - Processing /opt/airflow/dags/user_processing.py took 0.276 seconds
[2022-07-15 01:04:24,150] {processor.py:153} INFO - Started process (PID=8342) to work on /opt/airflow/dags/user_processing.py
[2022-07-15 01:04:24,152] {processor.py:641} INFO - Processing file /opt/airflow/dags/user_processing.py for tasks to queue
[2022-07-15 01:04:24,154] {logging_mixin.py:115} INFO - [2022-07-15 01:04:24,154] {dagbag.py:507} INFO - Filling up the DagBag from /opt/airflow/dags/user_processing.py
[2022-07-15 01:04:24,430] {processor.py:651} INFO - DAG(s) dict_keys(['user_processing']) retrieved from /opt/airflow/dags/user_processing.py
[2022-07-15 01:04:24,471] {logging_mixin.py:115} INFO - [2022-07-15 01:04:24,470] {dag.py:2371} INFO - Sync 1 DAGs
[2022-07-15 01:04:24,492] {logging_mixin.py:115} INFO - [2022-07-15 01:04:24,492] {dag.py:2919} INFO - Setting next_dagrun for user_processing to 2022-07-15T00:00:00+00:00, run_after=2022-07-16T00:00:00+00:00
[2022-07-15 01:04:24,504] {processor.py:161} INFO - Processing /opt/airflow/dags/user_processing.py took 0.357 seconds
[2022-07-15 01:04:54,796] {processor.py:153} INFO - Started process (PID=8408) to work on /opt/airflow/dags/user_processing.py
[2022-07-15 01:04:54,799] {processor.py:641} INFO - Processing file /opt/airflow/dags/user_processing.py for tasks to queue
[2022-07-15 01:04:54,800] {logging_mixin.py:115} INFO - [2022-07-15 01:04:54,800] {dagbag.py:507} INFO - Filling up the DagBag from /opt/airflow/dags/user_processing.py
[2022-07-15 01:04:55,041] {processor.py:651} INFO - DAG(s) dict_keys(['user_processing']) retrieved from /opt/airflow/dags/user_processing.py
[2022-07-15 01:04:55,066] {logging_mixin.py:115} INFO - [2022-07-15 01:04:55,066] {dag.py:2371} INFO - Sync 1 DAGs
[2022-07-15 01:04:55,080] {logging_mixin.py:115} INFO - [2022-07-15 01:04:55,080] {dag.py:2919} INFO - Setting next_dagrun for user_processing to 2022-07-15T00:00:00+00:00, run_after=2022-07-16T00:00:00+00:00
[2022-07-15 01:04:55,091] {processor.py:161} INFO - Processing /opt/airflow/dags/user_processing.py took 0.298 seconds
[2022-07-15 01:05:25,287] {processor.py:153} INFO - Started process (PID=8475) to work on /opt/airflow/dags/user_processing.py
[2022-07-15 01:05:25,288] {processor.py:641} INFO - Processing file /opt/airflow/dags/user_processing.py for tasks to queue
[2022-07-15 01:05:25,290] {logging_mixin.py:115} INFO - [2022-07-15 01:05:25,290] {dagbag.py:507} INFO - Filling up the DagBag from /opt/airflow/dags/user_processing.py
[2022-07-15 01:05:25,522] {processor.py:651} INFO - DAG(s) dict_keys(['user_processing']) retrieved from /opt/airflow/dags/user_processing.py
[2022-07-15 01:05:25,549] {logging_mixin.py:115} INFO - [2022-07-15 01:05:25,548] {dag.py:2371} INFO - Sync 1 DAGs
[2022-07-15 01:05:25,564] {logging_mixin.py:115} INFO - [2022-07-15 01:05:25,564] {dag.py:2919} INFO - Setting next_dagrun for user_processing to 2022-07-15T00:00:00+00:00, run_after=2022-07-16T00:00:00+00:00
[2022-07-15 01:05:25,573] {processor.py:161} INFO - Processing /opt/airflow/dags/user_processing.py took 0.289 seconds
[2022-07-15 01:05:56,567] {processor.py:153} INFO - Started process (PID=8544) to work on /opt/airflow/dags/user_processing.py
[2022-07-15 01:05:56,570] {processor.py:641} INFO - Processing file /opt/airflow/dags/user_processing.py for tasks to queue
[2022-07-15 01:05:56,571] {logging_mixin.py:115} INFO - [2022-07-15 01:05:56,571] {dagbag.py:507} INFO - Filling up the DagBag from /opt/airflow/dags/user_processing.py
[2022-07-15 01:05:56,820] {processor.py:651} INFO - DAG(s) dict_keys(['user_processing']) retrieved from /opt/airflow/dags/user_processing.py
[2022-07-15 01:05:56,845] {logging_mixin.py:115} INFO - [2022-07-15 01:05:56,845] {dag.py:2371} INFO - Sync 1 DAGs
[2022-07-15 01:05:56,860] {logging_mixin.py:115} INFO - [2022-07-15 01:05:56,860] {dag.py:2919} INFO - Setting next_dagrun for user_processing to 2022-07-15T00:00:00+00:00, run_after=2022-07-16T00:00:00+00:00
[2022-07-15 01:05:56,869] {processor.py:161} INFO - Processing /opt/airflow/dags/user_processing.py took 0.304 seconds
[2022-07-15 01:06:27,296] {processor.py:153} INFO - Started process (PID=8614) to work on /opt/airflow/dags/user_processing.py
[2022-07-15 01:06:27,298] {processor.py:641} INFO - Processing file /opt/airflow/dags/user_processing.py for tasks to queue
[2022-07-15 01:06:27,300] {logging_mixin.py:115} INFO - [2022-07-15 01:06:27,300] {dagbag.py:507} INFO - Filling up the DagBag from /opt/airflow/dags/user_processing.py
[2022-07-15 01:06:27,501] {processor.py:651} INFO - DAG(s) dict_keys(['user_processing']) retrieved from /opt/airflow/dags/user_processing.py
[2022-07-15 01:06:27,523] {logging_mixin.py:115} INFO - [2022-07-15 01:06:27,523] {dag.py:2371} INFO - Sync 1 DAGs
[2022-07-15 01:06:27,535] {logging_mixin.py:115} INFO - [2022-07-15 01:06:27,534] {dag.py:2919} INFO - Setting next_dagrun for user_processing to 2022-07-15T00:00:00+00:00, run_after=2022-07-16T00:00:00+00:00
[2022-07-15 01:06:27,541] {processor.py:161} INFO - Processing /opt/airflow/dags/user_processing.py took 0.248 seconds
[2022-07-15 01:06:58,543] {processor.py:153} INFO - Started process (PID=8679) to work on /opt/airflow/dags/user_processing.py
[2022-07-15 01:06:58,544] {processor.py:641} INFO - Processing file /opt/airflow/dags/user_processing.py for tasks to queue
[2022-07-15 01:06:58,547] {logging_mixin.py:115} INFO - [2022-07-15 01:06:58,547] {dagbag.py:507} INFO - Filling up the DagBag from /opt/airflow/dags/user_processing.py
[2022-07-15 01:06:58,766] {processor.py:651} INFO - DAG(s) dict_keys(['user_processing']) retrieved from /opt/airflow/dags/user_processing.py
[2022-07-15 01:06:58,788] {logging_mixin.py:115} INFO - [2022-07-15 01:06:58,788] {dag.py:2371} INFO - Sync 1 DAGs
[2022-07-15 01:06:58,802] {logging_mixin.py:115} INFO - [2022-07-15 01:06:58,802] {dag.py:2919} INFO - Setting next_dagrun for user_processing to 2022-07-15T00:00:00+00:00, run_after=2022-07-16T00:00:00+00:00
[2022-07-15 01:06:58,811] {processor.py:161} INFO - Processing /opt/airflow/dags/user_processing.py took 0.270 seconds
[2022-07-15 01:07:28,874] {processor.py:153} INFO - Started process (PID=8738) to work on /opt/airflow/dags/user_processing.py
[2022-07-15 01:07:28,876] {processor.py:641} INFO - Processing file /opt/airflow/dags/user_processing.py for tasks to queue
[2022-07-15 01:07:28,877] {logging_mixin.py:115} INFO - [2022-07-15 01:07:28,877] {dagbag.py:507} INFO - Filling up the DagBag from /opt/airflow/dags/user_processing.py
[2022-07-15 01:07:29,102] {processor.py:651} INFO - DAG(s) dict_keys(['user_processing']) retrieved from /opt/airflow/dags/user_processing.py
[2022-07-15 01:07:29,125] {logging_mixin.py:115} INFO - [2022-07-15 01:07:29,125] {dag.py:2371} INFO - Sync 1 DAGs
[2022-07-15 01:07:29,139] {logging_mixin.py:115} INFO - [2022-07-15 01:07:29,139] {dag.py:2919} INFO - Setting next_dagrun for user_processing to 2022-07-15T00:00:00+00:00, run_after=2022-07-16T00:00:00+00:00
[2022-07-15 01:07:29,147] {processor.py:161} INFO - Processing /opt/airflow/dags/user_processing.py took 0.277 seconds
